# ../../../configure --target=armv7-darwin-gcc --disable-docs --disable-examples --disable-libyuv --disable-unit-tests --disable-runtime-cpu-detect
  enabling vp8_encoder
  enabling vp8_decoder
  enabling vp9_encoder
  enabling vp9_decoder
Configuring for target 'armv7-darwin-gcc'
  enabling armv7
check_cpp
BEGIN /var/folders/h4/l7fj8x6d2594jdnrm5ty3xt40000gq/T//vpx-conf-70571-12662.c
     1	#if !(__pie__ || __PIE__)
     2	#error Neither __pie__ or __PIE__ are set
     3	#endif
END /var/folders/h4/l7fj8x6d2594jdnrm5ty3xt40000gq/T//vpx-conf-70571-12662.c
-E -o /var/folders/h4/l7fj8x6d2594jdnrm5ty3xt40000gq/T//vpx-conf-70571-12662.o /var/folders/h4/l7fj8x6d2594jdnrm5ty3xt40000gq/T//vpx-conf-70571-12662.c
../../../build/make/configure.sh: line 295: -E: command not found
  enabling pic
  enabling neon
  enabling neon_asm
check_cpp
BEGIN /var/folders/h4/l7fj8x6d2594jdnrm5ty3xt40000gq/T//vpx-conf-70571-12662.c
     1	#ifndef __ARM_PCS_VFP
     2	#error "not hardfp"
     3	#endif
END /var/folders/h4/l7fj8x6d2594jdnrm5ty3xt40000gq/T//vpx-conf-70571-12662.c
gcc -miphoneos-version-min=7.0 -isysroot /Applications/Xcode.app/Contents/Developer/Platforms/iPhoneOS.platform/Developer/SDKs/iPhoneOS17.0.sdk -E -o /var/folders/h4/l7fj8x6d2594jdnrm5ty3xt40000gq/T//vpx-conf-70571-12662.o /var/folders/h4/l7fj8x6d2594jdnrm5ty3xt40000gq/T//vpx-conf-70571-12662.c
/var/folders/h4/l7fj8x6d2594jdnrm5ty3xt40000gq/T//vpx-conf-70571-12662.c:2:2: error: "not hardfp"
#error "not hardfp"
 ^
1 error generated.
check_cxxflags -march=armv7-a -mfloat-abi=softfp
check_cxx -Werror -march=armv7-a -mfloat-abi=softfp
BEGIN /var/folders/h4/l7fj8x6d2594jdnrm5ty3xt40000gq/T//vpx-conf-70571-12662.cc
     1	int x;
END /var/folders/h4/l7fj8x6d2594jdnrm5ty3xt40000gq/T//vpx-conf-70571-12662.cc
g++ -miphoneos-version-min=7.0 -isysroot /Applications/Xcode.app/Contents/Developer/Platforms/iPhoneOS.platform/Developer/SDKs/iPhoneOS17.0.sdk -Werror -march=armv7-a -mfloat-abi=softfp -c -o /var/folders/h4/l7fj8x6d2594jdnrm5ty3xt40000gq/T//vpx-conf-70571-12662.o /var/folders/h4/l7fj8x6d2594jdnrm5ty3xt40000gq/T//vpx-conf-70571-12662.cc
clang: error: unsupported argument 'armv7-a' to option '-march='
check_cflags -march=armv7-a -mfloat-abi=softfp
check_cc -Werror -march=armv7-a -mfloat-abi=softfp
BEGIN /var/folders/h4/l7fj8x6d2594jdnrm5ty3xt40000gq/T//vpx-conf-70571-12662.c
     1	int x;
END /var/folders/h4/l7fj8x6d2594jdnrm5ty3xt40000gq/T//vpx-conf-70571-12662.c
gcc -miphoneos-version-min=7.0 -isysroot /Applications/Xcode.app/Contents/Developer/Platforms/iPhoneOS.platform/Developer/SDKs/iPhoneOS17.0.sdk -Werror -march=armv7-a -mfloat-abi=softfp -c -o /var/folders/h4/l7fj8x6d2594jdnrm5ty3xt40000gq/T//vpx-conf-70571-12662.o /var/folders/h4/l7fj8x6d2594jdnrm5ty3xt40000gq/T//vpx-conf-70571-12662.c
clang: error: unsupported argument 'armv7-a' to option '-march='
add_asflags -march=armv7-a -mfloat-abi=softfp
check_cxxflags -mfpu=neon
check_cxx -Werror -mfpu=neon
BEGIN /var/folders/h4/l7fj8x6d2594jdnrm5ty3xt40000gq/T//vpx-conf-70571-12662.cc
     1	int x;
END /var/folders/h4/l7fj8x6d2594jdnrm5ty3xt40000gq/T//vpx-conf-70571-12662.cc
g++ -miphoneos-version-min=7.0 -isysroot /Applications/Xcode.app/Contents/Developer/Platforms/iPhoneOS.platform/Developer/SDKs/iPhoneOS17.0.sdk -Werror -mfpu=neon -c -o /var/folders/h4/l7fj8x6d2594jdnrm5ty3xt40000gq/T//vpx-conf-70571-12662.o /var/folders/h4/l7fj8x6d2594jdnrm5ty3xt40000gq/T//vpx-conf-70571-12662.cc
clang: error: argument unused during compilation: '-mfpu=neon' [-Werror,-Wunused-command-line-argument]
check_cflags -mfpu=neon
check_cc -Werror -mfpu=neon
BEGIN /var/folders/h4/l7fj8x6d2594jdnrm5ty3xt40000gq/T//vpx-conf-70571-12662.c
     1	int x;
END /var/folders/h4/l7fj8x6d2594jdnrm5ty3xt40000gq/T//vpx-conf-70571-12662.c
gcc -miphoneos-version-min=7.0 -isysroot /Applications/Xcode.app/Contents/Developer/Platforms/iPhoneOS.platform/Developer/SDKs/iPhoneOS17.0.sdk -Werror -mfpu=neon -c -o /var/folders/h4/l7fj8x6d2594jdnrm5ty3xt40000gq/T//vpx-conf-70571-12662.o /var/folders/h4/l7fj8x6d2594jdnrm5ty3xt40000gq/T//vpx-conf-70571-12662.c
clang: error: argument unused during compilation: '-mfpu=neon' [-Werror,-Wunused-command-line-argument]
add_asflags -mfpu=neon
check_cxxflags -fembed-bitcode
check_cxx -Werror -fembed-bitcode
BEGIN /var/folders/h4/l7fj8x6d2594jdnrm5ty3xt40000gq/T//vpx-conf-70571-12662.cc
     1	int x;
END /var/folders/h4/l7fj8x6d2594jdnrm5ty3xt40000gq/T//vpx-conf-70571-12662.cc
/Applications/Xcode.app/Contents/Developer/Toolchains/XcodeDefault.xctoolchain/usr/bin/clang++ -miphoneos-version-min=7.0 -isysroot /Applications/Xcode.app/Contents/Developer/Platforms/iPhoneOS.platform/Developer/SDKs/iPhoneOS17.0.sdk -arch armv7 -isysroot /Applications/Xcode.app/Contents/Developer/Platforms/iPhoneOS.platform/Developer/SDKs/iPhoneOS17.0.sdk -Werror -fembed-bitcode -c -o /var/folders/h4/l7fj8x6d2594jdnrm5ty3xt40000gq/T//vpx-conf-70571-12662.o /var/folders/h4/l7fj8x6d2594jdnrm5ty3xt40000gq/T//vpx-conf-70571-12662.cc
check_cflags -fembed-bitcode
check_cc -Werror -fembed-bitcode
BEGIN /var/folders/h4/l7fj8x6d2594jdnrm5ty3xt40000gq/T//vpx-conf-70571-12662.c
     1	int x;
END /var/folders/h4/l7fj8x6d2594jdnrm5ty3xt40000gq/T//vpx-conf-70571-12662.c
/Applications/Xcode.app/Contents/Developer/Toolchains/XcodeDefault.xctoolchain/usr/bin/clang -miphoneos-version-min=7.0 -isysroot /Applications/Xcode.app/Contents/Developer/Platforms/iPhoneOS.platform/Developer/SDKs/iPhoneOS17.0.sdk -arch armv7 -isysroot /Applications/Xcode.app/Contents/Developer/Platforms/iPhoneOS.platform/Developer/SDKs/iPhoneOS17.0.sdk -Werror -fembed-bitcode -c -o /var/folders/h4/l7fj8x6d2594jdnrm5ty3xt40000gq/T//vpx-conf-70571-12662.o /var/folders/h4/l7fj8x6d2594jdnrm5ty3xt40000gq/T//vpx-conf-70571-12662.c
add_asflags -fembed-bitcode
add_ldflags -fembed-bitcode
check_cxxflags -DNDEBUG
check_cxx -Werror -DNDEBUG
BEGIN /var/folders/h4/l7fj8x6d2594jdnrm5ty3xt40000gq/T//vpx-conf-70571-12662.cc
     1	int x;
END /var/folders/h4/l7fj8x6d2594jdnrm5ty3xt40000gq/T//vpx-conf-70571-12662.cc
/Applications/Xcode.app/Contents/Developer/Toolchains/XcodeDefault.xctoolchain/usr/bin/clang++ -miphoneos-version-min=7.0 -isysroot /Applications/Xcode.app/Contents/Developer/Platforms/iPhoneOS.platform/Developer/SDKs/iPhoneOS17.0.sdk -arch armv7 -isysroot /Applications/Xcode.app/Contents/Developer/Platforms/iPhoneOS.platform/Developer/SDKs/iPhoneOS17.0.sdk -fembed-bitcode -Werror -DNDEBUG -c -o /var/folders/h4/l7fj8x6d2594jdnrm5ty3xt40000gq/T//vpx-conf-70571-12662.o /var/folders/h4/l7fj8x6d2594jdnrm5ty3xt40000gq/T//vpx-conf-70571-12662.cc
check_cflags -DNDEBUG
check_cc -Werror -DNDEBUG
BEGIN /var/folders/h4/l7fj8x6d2594jdnrm5ty3xt40000gq/T//vpx-conf-70571-12662.c
     1	int x;
END /var/folders/h4/l7fj8x6d2594jdnrm5ty3xt40000gq/T//vpx-conf-70571-12662.c
/Applications/Xcode.app/Contents/Developer/Toolchains/XcodeDefault.xctoolchain/usr/bin/clang -miphoneos-version-min=7.0 -isysroot /Applications/Xcode.app/Contents/Developer/Platforms/iPhoneOS.platform/Developer/SDKs/iPhoneOS17.0.sdk -arch armv7 -isysroot /Applications/Xcode.app/Contents/Developer/Platforms/iPhoneOS.platform/Developer/SDKs/iPhoneOS17.0.sdk -fembed-bitcode -Werror -DNDEBUG -c -o /var/folders/h4/l7fj8x6d2594jdnrm5ty3xt40000gq/T//vpx-conf-70571-12662.o /var/folders/h4/l7fj8x6d2594jdnrm5ty3xt40000gq/T//vpx-conf-70571-12662.c
check_cxxflags -O3
check_cxx -Werror -O3
BEGIN /var/folders/h4/l7fj8x6d2594jdnrm5ty3xt40000gq/T//vpx-conf-70571-12662.cc
     1	int x;
END /var/folders/h4/l7fj8x6d2594jdnrm5ty3xt40000gq/T//vpx-conf-70571-12662.cc
/Applications/Xcode.app/Contents/Developer/Toolchains/XcodeDefault.xctoolchain/usr/bin/clang++ -miphoneos-version-min=7.0 -isysroot /Applications/Xcode.app/Contents/Developer/Platforms/iPhoneOS.platform/Developer/SDKs/iPhoneOS17.0.sdk -arch armv7 -isysroot /Applications/Xcode.app/Contents/Developer/Platforms/iPhoneOS.platform/Developer/SDKs/iPhoneOS17.0.sdk -fembed-bitcode -DNDEBUG -Werror -O3 -c -o /var/folders/h4/l7fj8x6d2594jdnrm5ty3xt40000gq/T//vpx-conf-70571-12662.o /var/folders/h4/l7fj8x6d2594jdnrm5ty3xt40000gq/T//vpx-conf-70571-12662.cc
check_cflags -O3
check_cc -Werror -O3
BEGIN /var/folders/h4/l7fj8x6d2594jdnrm5ty3xt40000gq/T//vpx-conf-70571-12662.c
     1	int x;
END /var/folders/h4/l7fj8x6d2594jdnrm5ty3xt40000gq/T//vpx-conf-70571-12662.c
/Applications/Xcode.app/Contents/Developer/Toolchains/XcodeDefault.xctoolchain/usr/bin/clang -miphoneos-version-min=7.0 -isysroot /Applications/Xcode.app/Contents/Developer/Platforms/iPhoneOS.platform/Developer/SDKs/iPhoneOS17.0.sdk -arch armv7 -isysroot /Applications/Xcode.app/Contents/Developer/Platforms/iPhoneOS.platform/Developer/SDKs/iPhoneOS17.0.sdk -fembed-bitcode -DNDEBUG -Werror -O3 -c -o /var/folders/h4/l7fj8x6d2594jdnrm5ty3xt40000gq/T//vpx-conf-70571-12662.o /var/folders/h4/l7fj8x6d2594jdnrm5ty3xt40000gq/T//vpx-conf-70571-12662.c
check_cxxflags -fPIC
check_cxx -Werror -fPIC
BEGIN /var/folders/h4/l7fj8x6d2594jdnrm5ty3xt40000gq/T//vpx-conf-70571-12662.cc
     1	int x;
END /var/folders/h4/l7fj8x6d2594jdnrm5ty3xt40000gq/T//vpx-conf-70571-12662.cc
/Applications/Xcode.app/Contents/Developer/Toolchains/XcodeDefault.xctoolchain/usr/bin/clang++ -miphoneos-version-min=7.0 -isysroot /Applications/Xcode.app/Contents/Developer/Platforms/iPhoneOS.platform/Developer/SDKs/iPhoneOS17.0.sdk -arch armv7 -isysroot /Applications/Xcode.app/Contents/Developer/Platforms/iPhoneOS.platform/Developer/SDKs/iPhoneOS17.0.sdk -fembed-bitcode -DNDEBUG -O3 -Werror -fPIC -c -o /var/folders/h4/l7fj8x6d2594jdnrm5ty3xt40000gq/T//vpx-conf-70571-12662.o /var/folders/h4/l7fj8x6d2594jdnrm5ty3xt40000gq/T//vpx-conf-70571-12662.cc
check_cflags -fPIC
check_cc -Werror -fPIC
BEGIN /var/folders/h4/l7fj8x6d2594jdnrm5ty3xt40000gq/T//vpx-conf-70571-12662.c
     1	int x;
END /var/folders/h4/l7fj8x6d2594jdnrm5ty3xt40000gq/T//vpx-conf-70571-12662.c
/Applications/Xcode.app/Contents/Developer/Toolchains/XcodeDefault.xctoolchain/usr/bin/clang -miphoneos-version-min=7.0 -isysroot /Applications/Xcode.app/Contents/Developer/Platforms/iPhoneOS.platform/Developer/SDKs/iPhoneOS17.0.sdk -arch armv7 -isysroot /Applications/Xcode.app/Contents/Developer/Platforms/iPhoneOS.platform/Developer/SDKs/iPhoneOS17.0.sdk -fembed-bitcode -DNDEBUG -O3 -Werror -fPIC -c -o /var/folders/h4/l7fj8x6d2594jdnrm5ty3xt40000gq/T//vpx-conf-70571-12662.o /var/folders/h4/l7fj8x6d2594jdnrm5ty3xt40000gq/T//vpx-conf-70571-12662.c
check_cc
BEGIN /var/folders/h4/l7fj8x6d2594jdnrm5ty3xt40000gq/T//vpx-conf-70571-12662.c
     1	unsigned int e = 'O'<<24 | '2'<<16 | 'B'<<8 | 'E';
END /var/folders/h4/l7fj8x6d2594jdnrm5ty3xt40000gq/T//vpx-conf-70571-12662.c
/Applications/Xcode.app/Contents/Developer/Toolchains/XcodeDefault.xctoolchain/usr/bin/clang -miphoneos-version-min=7.0 -isysroot /Applications/Xcode.app/Contents/Developer/Platforms/iPhoneOS.platform/Developer/SDKs/iPhoneOS17.0.sdk -arch armv7 -isysroot /Applications/Xcode.app/Contents/Developer/Platforms/iPhoneOS.platform/Developer/SDKs/iPhoneOS17.0.sdk -fembed-bitcode -DNDEBUG -O3 -fPIC -c -o /var/folders/h4/l7fj8x6d2594jdnrm5ty3xt40000gq/T//vpx-conf-70571-12662.o /var/folders/h4/l7fj8x6d2594jdnrm5ty3xt40000gq/T//vpx-conf-70571-12662.c
check_cc
BEGIN /var/folders/h4/l7fj8x6d2594jdnrm5ty3xt40000gq/T//vpx-conf-70571-12662.c
     1	static inline int function(void) {}
END /var/folders/h4/l7fj8x6d2594jdnrm5ty3xt40000gq/T//vpx-conf-70571-12662.c
/Applications/Xcode.app/Contents/Developer/Toolchains/XcodeDefault.xctoolchain/usr/bin/clang -miphoneos-version-min=7.0 -isysroot /Applications/Xcode.app/Contents/Developer/Platforms/iPhoneOS.platform/Developer/SDKs/iPhoneOS17.0.sdk -arch armv7 -isysroot /Applications/Xcode.app/Contents/Developer/Platforms/iPhoneOS.platform/Developer/SDKs/iPhoneOS17.0.sdk -fembed-bitcode -DNDEBUG -O3 -fPIC -c -o /var/folders/h4/l7fj8x6d2594jdnrm5ty3xt40000gq/T//vpx-conf-70571-12662.o /var/folders/h4/l7fj8x6d2594jdnrm5ty3xt40000gq/T//vpx-conf-70571-12662.c
/var/folders/h4/l7fj8x6d2594jdnrm5ty3xt40000gq/T//vpx-conf-70571-12662.c:1:35: warning: non-void function does not return a value [-Wreturn-type]
static inline int function(void) {}
                                  ^
1 warning generated.
check_header pthread.h
check_cpp
BEGIN /var/folders/h4/l7fj8x6d2594jdnrm5ty3xt40000gq/T//vpx-conf-70571-12662.c
     1	#include "pthread.h"
     2	int x;
END /var/folders/h4/l7fj8x6d2594jdnrm5ty3xt40000gq/T//vpx-conf-70571-12662.c
/Applications/Xcode.app/Contents/Developer/Toolchains/XcodeDefault.xctoolchain/usr/bin/clang -miphoneos-version-min=7.0 -isysroot /Applications/Xcode.app/Contents/Developer/Platforms/iPhoneOS.platform/Developer/SDKs/iPhoneOS17.0.sdk -arch armv7 -isysroot /Applications/Xcode.app/Contents/Developer/Platforms/iPhoneOS.platform/Developer/SDKs/iPhoneOS17.0.sdk -fembed-bitcode -DNDEBUG -O3 -fPIC -E -o /var/folders/h4/l7fj8x6d2594jdnrm5ty3xt40000gq/T//vpx-conf-70571-12662.o /var/folders/h4/l7fj8x6d2594jdnrm5ty3xt40000gq/T//vpx-conf-70571-12662.c
check_lib -lpthread
check_cc -lpthread
BEGIN /var/folders/h4/l7fj8x6d2594jdnrm5ty3xt40000gq/T//vpx-conf-70571-12662.c
     1	#include <pthread.h>
     2	#include <stddef.h>
     3	int main(void) { return pthread_create(NULL, NULL, NULL, NULL); }
END /var/folders/h4/l7fj8x6d2594jdnrm5ty3xt40000gq/T//vpx-conf-70571-12662.c
/Applications/Xcode.app/Contents/Developer/Toolchains/XcodeDefault.xctoolchain/usr/bin/clang -miphoneos-version-min=7.0 -isysroot /Applications/Xcode.app/Contents/Developer/Platforms/iPhoneOS.platform/Developer/SDKs/iPhoneOS17.0.sdk -arch armv7 -isysroot /Applications/Xcode.app/Contents/Developer/Platforms/iPhoneOS.platform/Developer/SDKs/iPhoneOS17.0.sdk -fembed-bitcode -DNDEBUG -O3 -fPIC -lpthread -c -o /var/folders/h4/l7fj8x6d2594jdnrm5ty3xt40000gq/T//vpx-conf-70571-12662.o /var/folders/h4/l7fj8x6d2594jdnrm5ty3xt40000gq/T//vpx-conf-70571-12662.c
clang: warning: -lpthread: 'linker' input unused [-Wunused-command-line-argument]
/var/folders/h4/l7fj8x6d2594jdnrm5ty3xt40000gq/T//vpx-conf-70571-12662.c:3:62: warning: null passed to a callee that requires a non-null argument [-Wnonnull]
int main(void) { return pthread_create(NULL, NULL, NULL, NULL); }
                                       ~~~~                  ^
/var/folders/h4/l7fj8x6d2594jdnrm5ty3xt40000gq/T//vpx-conf-70571-12662.c:3:62: warning: null passed to a callee that requires a non-null argument [-Wnonnull]
int main(void) { return pthread_create(NULL, NULL, NULL, NULL); }
                                                   ~~~~      ^
2 warnings generated.
/Applications/Xcode.app/Contents/Developer/Toolchains/XcodeDefault.xctoolchain/usr/bin/clang++ -isysroot /Applications/Xcode.app/Contents/Developer/Platforms/iPhoneOS.platform/Developer/SDKs/iPhoneOS17.0.sdk -arch armv7 -miphoneos-version-min=7.0 -L/Applications/Xcode.app/Contents/Developer/Platforms/iPhoneOS.platform/Developer/SDKs/iPhoneOS17.0.sdk/usr/lib -fembed-bitcode -o /var/folders/h4/l7fj8x6d2594jdnrm5ty3xt40000gq/T//vpx-conf-70571-12662.x /var/folders/h4/l7fj8x6d2594jdnrm5ty3xt40000gq/T//vpx-conf-70571-12662.o -lpthread
check_cxxflags -Wall
check_cxx -Werror -Wall
BEGIN /var/folders/h4/l7fj8x6d2594jdnrm5ty3xt40000gq/T//vpx-conf-70571-12662.cc
     1	int x;
END /var/folders/h4/l7fj8x6d2594jdnrm5ty3xt40000gq/T//vpx-conf-70571-12662.cc
/Applications/Xcode.app/Contents/Developer/Toolchains/XcodeDefault.xctoolchain/usr/bin/clang++ -miphoneos-version-min=7.0 -isysroot /Applications/Xcode.app/Contents/Developer/Platforms/iPhoneOS.platform/Developer/SDKs/iPhoneOS17.0.sdk -arch armv7 -isysroot /Applications/Xcode.app/Contents/Developer/Platforms/iPhoneOS.platform/Developer/SDKs/iPhoneOS17.0.sdk -fembed-bitcode -DNDEBUG -O3 -fPIC -Werror -Wall -c -o /var/folders/h4/l7fj8x6d2594jdnrm5ty3xt40000gq/T//vpx-conf-70571-12662.o /var/folders/h4/l7fj8x6d2594jdnrm5ty3xt40000gq/T//vpx-conf-70571-12662.cc
check_cflags -Wall
check_cc -Werror -Wall
BEGIN /var/folders/h4/l7fj8x6d2594jdnrm5ty3xt40000gq/T//vpx-conf-70571-12662.c
     1	int x;
END /var/folders/h4/l7fj8x6d2594jdnrm5ty3xt40000gq/T//vpx-conf-70571-12662.c
/Applications/Xcode.app/Contents/Developer/Toolchains/XcodeDefault.xctoolchain/usr/bin/clang -miphoneos-version-min=7.0 -isysroot /Applications/Xcode.app/Contents/Developer/Platforms/iPhoneOS.platform/Developer/SDKs/iPhoneOS17.0.sdk -arch armv7 -isysroot /Applications/Xcode.app/Contents/Developer/Platforms/iPhoneOS.platform/Developer/SDKs/iPhoneOS17.0.sdk -fembed-bitcode -DNDEBUG -O3 -fPIC -Werror -Wall -c -o /var/folders/h4/l7fj8x6d2594jdnrm5ty3xt40000gq/T//vpx-conf-70571-12662.o /var/folders/h4/l7fj8x6d2594jdnrm5ty3xt40000gq/T//vpx-conf-70571-12662.c
check_cxxflags -Wdisabled-optimization
check_cxx -Werror -Wdisabled-optimization
BEGIN /var/folders/h4/l7fj8x6d2594jdnrm5ty3xt40000gq/T//vpx-conf-70571-12662.cc
     1	int x;
END /var/folders/h4/l7fj8x6d2594jdnrm5ty3xt40000gq/T//vpx-conf-70571-12662.cc
/Applications/Xcode.app/Contents/Developer/Toolchains/XcodeDefault.xctoolchain/usr/bin/clang++ -miphoneos-version-min=7.0 -isysroot /Applications/Xcode.app/Contents/Developer/Platforms/iPhoneOS.platform/Developer/SDKs/iPhoneOS17.0.sdk -arch armv7 -isysroot /Applications/Xcode.app/Contents/Developer/Platforms/iPhoneOS.platform/Developer/SDKs/iPhoneOS17.0.sdk -fembed-bitcode -DNDEBUG -O3 -fPIC -Wall -Werror -Wdisabled-optimization -c -o /var/folders/h4/l7fj8x6d2594jdnrm5ty3xt40000gq/T//vpx-conf-70571-12662.o /var/folders/h4/l7fj8x6d2594jdnrm5ty3xt40000gq/T//vpx-conf-70571-12662.cc
check_cflags -Wdisabled-optimization
check_cc -Werror -Wdisabled-optimization
BEGIN /var/folders/h4/l7fj8x6d2594jdnrm5ty3xt40000gq/T//vpx-conf-70571-12662.c
     1	int x;
END /var/folders/h4/l7fj8x6d2594jdnrm5ty3xt40000gq/T//vpx-conf-70571-12662.c
/Applications/Xcode.app/Contents/Developer/Toolchains/XcodeDefault.xctoolchain/usr/bin/clang -miphoneos-version-min=7.0 -isysroot /Applications/Xcode.app/Contents/Developer/Platforms/iPhoneOS.platform/Developer/SDKs/iPhoneOS17.0.sdk -arch armv7 -isysroot /Applications/Xcode.app/Contents/Developer/Platforms/iPhoneOS.platform/Developer/SDKs/iPhoneOS17.0.sdk -fembed-bitcode -DNDEBUG -O3 -fPIC -Wall -Werror -Wdisabled-optimization -c -o /var/folders/h4/l7fj8x6d2594jdnrm5ty3xt40000gq/T//vpx-conf-70571-12662.o /var/folders/h4/l7fj8x6d2594jdnrm5ty3xt40000gq/T//vpx-conf-70571-12662.c
check_cxxflags -Wextra-semi
check_cxx -Werror -Wextra-semi
BEGIN /var/folders/h4/l7fj8x6d2594jdnrm5ty3xt40000gq/T//vpx-conf-70571-12662.cc
     1	int x;
END /var/folders/h4/l7fj8x6d2594jdnrm5ty3xt40000gq/T//vpx-conf-70571-12662.cc
/Applications/Xcode.app/Contents/Developer/Toolchains/XcodeDefault.xctoolchain/usr/bin/clang++ -miphoneos-version-min=7.0 -isysroot /Applications/Xcode.app/Contents/Developer/Platforms/iPhoneOS.platform/Developer/SDKs/iPhoneOS17.0.sdk -arch armv7 -isysroot /Applications/Xcode.app/Contents/Developer/Platforms/iPhoneOS.platform/Developer/SDKs/iPhoneOS17.0.sdk -fembed-bitcode -DNDEBUG -O3 -fPIC -Wall -Wdisabled-optimization -Werror -Wextra-semi -c -o /var/folders/h4/l7fj8x6d2594jdnrm5ty3xt40000gq/T//vpx-conf-70571-12662.o /var/folders/h4/l7fj8x6d2594jdnrm5ty3xt40000gq/T//vpx-conf-70571-12662.cc
check_cflags -Wextra-semi
check_cc -Werror -Wextra-semi
BEGIN /var/folders/h4/l7fj8x6d2594jdnrm5ty3xt40000gq/T//vpx-conf-70571-12662.c
     1	int x;
END /var/folders/h4/l7fj8x6d2594jdnrm5ty3xt40000gq/T//vpx-conf-70571-12662.c
/Applications/Xcode.app/Contents/Developer/Toolchains/XcodeDefault.xctoolchain/usr/bin/clang -miphoneos-version-min=7.0 -isysroot /Applications/Xcode.app/Contents/Developer/Platforms/iPhoneOS.platform/Developer/SDKs/iPhoneOS17.0.sdk -arch armv7 -isysroot /Applications/Xcode.app/Contents/Developer/Platforms/iPhoneOS.platform/Developer/SDKs/iPhoneOS17.0.sdk -fembed-bitcode -DNDEBUG -O3 -fPIC -Wall -Wdisabled-optimization -Werror -Wextra-semi -c -o /var/folders/h4/l7fj8x6d2594jdnrm5ty3xt40000gq/T//vpx-conf-70571-12662.o /var/folders/h4/l7fj8x6d2594jdnrm5ty3xt40000gq/T//vpx-conf-70571-12662.c
check_cxxflags -Wextra-semi-stmt
check_cxx -Werror -Wextra-semi-stmt
BEGIN /var/folders/h4/l7fj8x6d2594jdnrm5ty3xt40000gq/T//vpx-conf-70571-12662.cc
     1	int x;
END /var/folders/h4/l7fj8x6d2594jdnrm5ty3xt40000gq/T//vpx-conf-70571-12662.cc
/Applications/Xcode.app/Contents/Developer/Toolchains/XcodeDefault.xctoolchain/usr/bin/clang++ -miphoneos-version-min=7.0 -isysroot /Applications/Xcode.app/Contents/Developer/Platforms/iPhoneOS.platform/Developer/SDKs/iPhoneOS17.0.sdk -arch armv7 -isysroot /Applications/Xcode.app/Contents/Developer/Platforms/iPhoneOS.platform/Developer/SDKs/iPhoneOS17.0.sdk -fembed-bitcode -DNDEBUG -O3 -fPIC -Wall -Wdisabled-optimization -Wextra-semi -Werror -Wextra-semi-stmt -c -o /var/folders/h4/l7fj8x6d2594jdnrm5ty3xt40000gq/T//vpx-conf-70571-12662.o /var/folders/h4/l7fj8x6d2594jdnrm5ty3xt40000gq/T//vpx-conf-70571-12662.cc
check_cflags -Wextra-semi-stmt
check_cc -Werror -Wextra-semi-stmt
BEGIN /var/folders/h4/l7fj8x6d2594jdnrm5ty3xt40000gq/T//vpx-conf-70571-12662.c
     1	int x;
END /var/folders/h4/l7fj8x6d2594jdnrm5ty3xt40000gq/T//vpx-conf-70571-12662.c
/Applications/Xcode.app/Contents/Developer/Toolchains/XcodeDefault.xctoolchain/usr/bin/clang -miphoneos-version-min=7.0 -isysroot /Applications/Xcode.app/Contents/Developer/Platforms/iPhoneOS.platform/Developer/SDKs/iPhoneOS17.0.sdk -arch armv7 -isysroot /Applications/Xcode.app/Contents/Developer/Platforms/iPhoneOS.platform/Developer/SDKs/iPhoneOS17.0.sdk -fembed-bitcode -DNDEBUG -O3 -fPIC -Wall -Wdisabled-optimization -Wextra-semi -Werror -Wextra-semi-stmt -c -o /var/folders/h4/l7fj8x6d2594jdnrm5ty3xt40000gq/T//vpx-conf-70571-12662.o /var/folders/h4/l7fj8x6d2594jdnrm5ty3xt40000gq/T//vpx-conf-70571-12662.c
check_cxxflags -Wfloat-conversion
check_cxx -Werror -Wfloat-conversion
BEGIN /var/folders/h4/l7fj8x6d2594jdnrm5ty3xt40000gq/T//vpx-conf-70571-12662.cc
     1	int x;
END /var/folders/h4/l7fj8x6d2594jdnrm5ty3xt40000gq/T//vpx-conf-70571-12662.cc
/Applications/Xcode.app/Contents/Developer/Toolchains/XcodeDefault.xctoolchain/usr/bin/clang++ -miphoneos-version-min=7.0 -isysroot /Applications/Xcode.app/Contents/Developer/Platforms/iPhoneOS.platform/Developer/SDKs/iPhoneOS17.0.sdk -arch armv7 -isysroot /Applications/Xcode.app/Contents/Developer/Platforms/iPhoneOS.platform/Developer/SDKs/iPhoneOS17.0.sdk -fembed-bitcode -DNDEBUG -O3 -fPIC -Wall -Wdisabled-optimization -Wextra-semi -Wextra-semi-stmt -Werror -Wfloat-conversion -c -o /var/folders/h4/l7fj8x6d2594jdnrm5ty3xt40000gq/T//vpx-conf-70571-12662.o /var/folders/h4/l7fj8x6d2594jdnrm5ty3xt40000gq/T//vpx-conf-70571-12662.cc
check_cflags -Wfloat-conversion
check_cc -Werror -Wfloat-conversion
BEGIN /var/folders/h4/l7fj8x6d2594jdnrm5ty3xt40000gq/T//vpx-conf-70571-12662.c
     1	int x;
END /var/folders/h4/l7fj8x6d2594jdnrm5ty3xt40000gq/T//vpx-conf-70571-12662.c
/Applications/Xcode.app/Contents/Developer/Toolchains/XcodeDefault.xctoolchain/usr/bin/clang -miphoneos-version-min=7.0 -isysroot /Applications/Xcode.app/Contents/Developer/Platforms/iPhoneOS.platform/Developer/SDKs/iPhoneOS17.0.sdk -arch armv7 -isysroot /Applications/Xcode.app/Contents/Developer/Platforms/iPhoneOS.platform/Developer/SDKs/iPhoneOS17.0.sdk -fembed-bitcode -DNDEBUG -O3 -fPIC -Wall -Wdisabled-optimization -Wextra-semi -Wextra-semi-stmt -Werror -Wfloat-conversion -c -o /var/folders/h4/l7fj8x6d2594jdnrm5ty3xt40000gq/T//vpx-conf-70571-12662.o /var/folders/h4/l7fj8x6d2594jdnrm5ty3xt40000gq/T//vpx-conf-70571-12662.c
check_cxxflags -Wformat=2
check_cxx -Werror -Wformat=2
BEGIN /var/folders/h4/l7fj8x6d2594jdnrm5ty3xt40000gq/T//vpx-conf-70571-12662.cc
     1	int x;
END /var/folders/h4/l7fj8x6d2594jdnrm5ty3xt40000gq/T//vpx-conf-70571-12662.cc
/Applications/Xcode.app/Contents/Developer/Toolchains/XcodeDefault.xctoolchain/usr/bin/clang++ -miphoneos-version-min=7.0 -isysroot /Applications/Xcode.app/Contents/Developer/Platforms/iPhoneOS.platform/Developer/SDKs/iPhoneOS17.0.sdk -arch armv7 -isysroot /Applications/Xcode.app/Contents/Developer/Platforms/iPhoneOS.platform/Developer/SDKs/iPhoneOS17.0.sdk -fembed-bitcode -DNDEBUG -O3 -fPIC -Wall -Wdisabled-optimization -Wextra-semi -Wextra-semi-stmt -Wfloat-conversion -Werror -Wformat=2 -c -o /var/folders/h4/l7fj8x6d2594jdnrm5ty3xt40000gq/T//vpx-conf-70571-12662.o /var/folders/h4/l7fj8x6d2594jdnrm5ty3xt40000gq/T//vpx-conf-70571-12662.cc
check_cflags -Wformat=2
check_cc -Werror -Wformat=2
BEGIN /var/folders/h4/l7fj8x6d2594jdnrm5ty3xt40000gq/T//vpx-conf-70571-12662.c
     1	int x;
END /var/folders/h4/l7fj8x6d2594jdnrm5ty3xt40000gq/T//vpx-conf-70571-12662.c
/Applications/Xcode.app/Contents/Developer/Toolchains/XcodeDefault.xctoolchain/usr/bin/clang -miphoneos-version-min=7.0 -isysroot /Applications/Xcode.app/Contents/Developer/Platforms/iPhoneOS.platform/Developer/SDKs/iPhoneOS17.0.sdk -arch armv7 -isysroot /Applications/Xcode.app/Contents/Developer/Platforms/iPhoneOS.platform/Developer/SDKs/iPhoneOS17.0.sdk -fembed-bitcode -DNDEBUG -O3 -fPIC -Wall -Wdisabled-optimization -Wextra-semi -Wextra-semi-stmt -Wfloat-conversion -Werror -Wformat=2 -c -o /var/folders/h4/l7fj8x6d2594jdnrm5ty3xt40000gq/T//vpx-conf-70571-12662.o /var/folders/h4/l7fj8x6d2594jdnrm5ty3xt40000gq/T//vpx-conf-70571-12662.c
check_cxxflags -Wparentheses-equality
check_cxx -Werror -Wparentheses-equality
BEGIN /var/folders/h4/l7fj8x6d2594jdnrm5ty3xt40000gq/T//vpx-conf-70571-12662.cc
     1	int x;
END /var/folders/h4/l7fj8x6d2594jdnrm5ty3xt40000gq/T//vpx-conf-70571-12662.cc
/Applications/Xcode.app/Contents/Developer/Toolchains/XcodeDefault.xctoolchain/usr/bin/clang++ -miphoneos-version-min=7.0 -isysroot /Applications/Xcode.app/Contents/Developer/Platforms/iPhoneOS.platform/Developer/SDKs/iPhoneOS17.0.sdk -arch armv7 -isysroot /Applications/Xcode.app/Contents/Developer/Platforms/iPhoneOS.platform/Developer/SDKs/iPhoneOS17.0.sdk -fembed-bitcode -DNDEBUG -O3 -fPIC -Wall -Wdisabled-optimization -Wextra-semi -Wextra-semi-stmt -Wfloat-conversion -Wformat=2 -Werror -Wparentheses-equality -c -o /var/folders/h4/l7fj8x6d2594jdnrm5ty3xt40000gq/T//vpx-conf-70571-12662.o /var/folders/h4/l7fj8x6d2594jdnrm5ty3xt40000gq/T//vpx-conf-70571-12662.cc
check_cflags -Wparentheses-equality
check_cc -Werror -Wparentheses-equality
BEGIN /var/folders/h4/l7fj8x6d2594jdnrm5ty3xt40000gq/T//vpx-conf-70571-12662.c
     1	int x;
END /var/folders/h4/l7fj8x6d2594jdnrm5ty3xt40000gq/T//vpx-conf-70571-12662.c
/Applications/Xcode.app/Contents/Developer/Toolchains/XcodeDefault.xctoolchain/usr/bin/clang -miphoneos-version-min=7.0 -isysroot /Applications/Xcode.app/Contents/Developer/Platforms/iPhoneOS.platform/Developer/SDKs/iPhoneOS17.0.sdk -arch armv7 -isysroot /Applications/Xcode.app/Contents/Developer/Platforms/iPhoneOS.platform/Developer/SDKs/iPhoneOS17.0.sdk -fembed-bitcode -DNDEBUG -O3 -fPIC -Wall -Wdisabled-optimization -Wextra-semi -Wextra-semi-stmt -Wfloat-conversion -Wformat=2 -Werror -Wparentheses-equality -c -o /var/folders/h4/l7fj8x6d2594jdnrm5ty3xt40000gq/T//vpx-conf-70571-12662.o /var/folders/h4/l7fj8x6d2594jdnrm5ty3xt40000gq/T//vpx-conf-70571-12662.c
check_cxxflags -Wpointer-arith
check_cxx -Werror -Wpointer-arith
BEGIN /var/folders/h4/l7fj8x6d2594jdnrm5ty3xt40000gq/T//vpx-conf-70571-12662.cc
     1	int x;
END /var/folders/h4/l7fj8x6d2594jdnrm5ty3xt40000gq/T//vpx-conf-70571-12662.cc
/Applications/Xcode.app/Contents/Developer/Toolchains/XcodeDefault.xctoolchain/usr/bin/clang++ -miphoneos-version-min=7.0 -isysroot /Applications/Xcode.app/Contents/Developer/Platforms/iPhoneOS.platform/Developer/SDKs/iPhoneOS17.0.sdk -arch armv7 -isysroot /Applications/Xcode.app/Contents/Developer/Platforms/iPhoneOS.platform/Developer/SDKs/iPhoneOS17.0.sdk -fembed-bitcode -DNDEBUG -O3 -fPIC -Wall -Wdisabled-optimization -Wextra-semi -Wextra-semi-stmt -Wfloat-conversion -Wformat=2 -Wparentheses-equality -Werror -Wpointer-arith -c -o /var/folders/h4/l7fj8x6d2594jdnrm5ty3xt40000gq/T//vpx-conf-70571-12662.o /var/folders/h4/l7fj8x6d2594jdnrm5ty3xt40000gq/T//vpx-conf-70571-12662.cc
check_cflags -Wpointer-arith
check_cc -Werror -Wpointer-arith
BEGIN /var/folders/h4/l7fj8x6d2594jdnrm5ty3xt40000gq/T//vpx-conf-70571-12662.c
     1	int x;
END /var/folders/h4/l7fj8x6d2594jdnrm5ty3xt40000gq/T//vpx-conf-70571-12662.c
/Applications/Xcode.app/Contents/Developer/Toolchains/XcodeDefault.xctoolchain/usr/bin/clang -miphoneos-version-min=7.0 -isysroot /Applications/Xcode.app/Contents/Developer/Platforms/iPhoneOS.platform/Developer/SDKs/iPhoneOS17.0.sdk -arch armv7 -isysroot /Applications/Xcode.app/Contents/Developer/Platforms/iPhoneOS.platform/Developer/SDKs/iPhoneOS17.0.sdk -fembed-bitcode -DNDEBUG -O3 -fPIC -Wall -Wdisabled-optimization -Wextra-semi -Wextra-semi-stmt -Wfloat-conversion -Wformat=2 -Wparentheses-equality -Werror -Wpointer-arith -c -o /var/folders/h4/l7fj8x6d2594jdnrm5ty3xt40000gq/T//vpx-conf-70571-12662.o /var/folders/h4/l7fj8x6d2594jdnrm5ty3xt40000gq/T//vpx-conf-70571-12662.c
check_cxxflags -Wtype-limits
check_cxx -Werror -Wtype-limits
BEGIN /var/folders/h4/l7fj8x6d2594jdnrm5ty3xt40000gq/T//vpx-conf-70571-12662.cc
     1	int x;
END /var/folders/h4/l7fj8x6d2594jdnrm5ty3xt40000gq/T//vpx-conf-70571-12662.cc
/Applications/Xcode.app/Contents/Developer/Toolchains/XcodeDefault.xctoolchain/usr/bin/clang++ -miphoneos-version-min=7.0 -isysroot /Applications/Xcode.app/Contents/Developer/Platforms/iPhoneOS.platform/Developer/SDKs/iPhoneOS17.0.sdk -arch armv7 -isysroot /Applications/Xcode.app/Contents/Developer/Platforms/iPhoneOS.platform/Developer/SDKs/iPhoneOS17.0.sdk -fembed-bitcode -DNDEBUG -O3 -fPIC -Wall -Wdisabled-optimization -Wextra-semi -Wextra-semi-stmt -Wfloat-conversion -Wformat=2 -Wparentheses-equality -Wpointer-arith -Werror -Wtype-limits -c -o /var/folders/h4/l7fj8x6d2594jdnrm5ty3xt40000gq/T//vpx-conf-70571-12662.o /var/folders/h4/l7fj8x6d2594jdnrm5ty3xt40000gq/T//vpx-conf-70571-12662.cc
check_cflags -Wtype-limits
check_cc -Werror -Wtype-limits
BEGIN /var/folders/h4/l7fj8x6d2594jdnrm5ty3xt40000gq/T//vpx-conf-70571-12662.c
     1	int x;
END /var/folders/h4/l7fj8x6d2594jdnrm5ty3xt40000gq/T//vpx-conf-70571-12662.c
/Applications/Xcode.app/Contents/Developer/Toolchains/XcodeDefault.xctoolchain/usr/bin/clang -miphoneos-version-min=7.0 -isysroot /Applications/Xcode.app/Contents/Developer/Platforms/iPhoneOS.platform/Developer/SDKs/iPhoneOS17.0.sdk -arch armv7 -isysroot /Applications/Xcode.app/Contents/Developer/Platforms/iPhoneOS.platform/Developer/SDKs/iPhoneOS17.0.sdk -fembed-bitcode -DNDEBUG -O3 -fPIC -Wall -Wdisabled-optimization -Wextra-semi -Wextra-semi-stmt -Wfloat-conversion -Wformat=2 -Wparentheses-equality -Wpointer-arith -Werror -Wtype-limits -c -o /var/folders/h4/l7fj8x6d2594jdnrm5ty3xt40000gq/T//vpx-conf-70571-12662.o /var/folders/h4/l7fj8x6d2594jdnrm5ty3xt40000gq/T//vpx-conf-70571-12662.c
check_cxxflags -Wcast-qual
check_cxx -Werror -Wcast-qual
BEGIN /var/folders/h4/l7fj8x6d2594jdnrm5ty3xt40000gq/T//vpx-conf-70571-12662.cc
     1	int x;
END /var/folders/h4/l7fj8x6d2594jdnrm5ty3xt40000gq/T//vpx-conf-70571-12662.cc
/Applications/Xcode.app/Contents/Developer/Toolchains/XcodeDefault.xctoolchain/usr/bin/clang++ -miphoneos-version-min=7.0 -isysroot /Applications/Xcode.app/Contents/Developer/Platforms/iPhoneOS.platform/Developer/SDKs/iPhoneOS17.0.sdk -arch armv7 -isysroot /Applications/Xcode.app/Contents/Developer/Platforms/iPhoneOS.platform/Developer/SDKs/iPhoneOS17.0.sdk -fembed-bitcode -DNDEBUG -O3 -fPIC -Wall -Wdisabled-optimization -Wextra-semi -Wextra-semi-stmt -Wfloat-conversion -Wformat=2 -Wparentheses-equality -Wpointer-arith -Wtype-limits -Werror -Wcast-qual -c -o /var/folders/h4/l7fj8x6d2594jdnrm5ty3xt40000gq/T//vpx-conf-70571-12662.o /var/folders/h4/l7fj8x6d2594jdnrm5ty3xt40000gq/T//vpx-conf-70571-12662.cc
check_cflags -Wcast-qual
check_cc -Werror -Wcast-qual
BEGIN /var/folders/h4/l7fj8x6d2594jdnrm5ty3xt40000gq/T//vpx-conf-70571-12662.c
     1	int x;
END /var/folders/h4/l7fj8x6d2594jdnrm5ty3xt40000gq/T//vpx-conf-70571-12662.c
/Applications/Xcode.app/Contents/Developer/Toolchains/XcodeDefault.xctoolchain/usr/bin/clang -miphoneos-version-min=7.0 -isysroot /Applications/Xcode.app/Contents/Developer/Platforms/iPhoneOS.platform/Developer/SDKs/iPhoneOS17.0.sdk -arch armv7 -isysroot /Applications/Xcode.app/Contents/Developer/Platforms/iPhoneOS.platform/Developer/SDKs/iPhoneOS17.0.sdk -fembed-bitcode -DNDEBUG -O3 -fPIC -Wall -Wdisabled-optimization -Wextra-semi -Wextra-semi-stmt -Wfloat-conversion -Wformat=2 -Wparentheses-equality -Wpointer-arith -Wtype-limits -Werror -Wcast-qual -c -o /var/folders/h4/l7fj8x6d2594jdnrm5ty3xt40000gq/T//vpx-conf-70571-12662.o /var/folders/h4/l7fj8x6d2594jdnrm5ty3xt40000gq/T//vpx-conf-70571-12662.c
check_cxxflags -Wvla
check_cxx -Werror -Wvla
BEGIN /var/folders/h4/l7fj8x6d2594jdnrm5ty3xt40000gq/T//vpx-conf-70571-12662.cc
     1	int x;
END /var/folders/h4/l7fj8x6d2594jdnrm5ty3xt40000gq/T//vpx-conf-70571-12662.cc
/Applications/Xcode.app/Contents/Developer/Toolchains/XcodeDefault.xctoolchain/usr/bin/clang++ -miphoneos-version-min=7.0 -isysroot /Applications/Xcode.app/Contents/Developer/Platforms/iPhoneOS.platform/Developer/SDKs/iPhoneOS17.0.sdk -arch armv7 -isysroot /Applications/Xcode.app/Contents/Developer/Platforms/iPhoneOS.platform/Developer/SDKs/iPhoneOS17.0.sdk -fembed-bitcode -DNDEBUG -O3 -fPIC -Wall -Wdisabled-optimization -Wextra-semi -Wextra-semi-stmt -Wfloat-conversion -Wformat=2 -Wparentheses-equality -Wpointer-arith -Wtype-limits -Wcast-qual -Werror -Wvla -c -o /var/folders/h4/l7fj8x6d2594jdnrm5ty3xt40000gq/T//vpx-conf-70571-12662.o /var/folders/h4/l7fj8x6d2594jdnrm5ty3xt40000gq/T//vpx-conf-70571-12662.cc
check_cflags -Wvla
check_cc -Werror -Wvla
BEGIN /var/folders/h4/l7fj8x6d2594jdnrm5ty3xt40000gq/T//vpx-conf-70571-12662.c
     1	int x;
END /var/folders/h4/l7fj8x6d2594jdnrm5ty3xt40000gq/T//vpx-conf-70571-12662.c
/Applications/Xcode.app/Contents/Developer/Toolchains/XcodeDefault.xctoolchain/usr/bin/clang -miphoneos-version-min=7.0 -isysroot /Applications/Xcode.app/Contents/Developer/Platforms/iPhoneOS.platform/Developer/SDKs/iPhoneOS17.0.sdk -arch armv7 -isysroot /Applications/Xcode.app/Contents/Developer/Platforms/iPhoneOS.platform/Developer/SDKs/iPhoneOS17.0.sdk -fembed-bitcode -DNDEBUG -O3 -fPIC -Wall -Wdisabled-optimization -Wextra-semi -Wextra-semi-stmt -Wfloat-conversion -Wformat=2 -Wparentheses-equality -Wpointer-arith -Wtype-limits -Wcast-qual -Werror -Wvla -c -o /var/folders/h4/l7fj8x6d2594jdnrm5ty3xt40000gq/T//vpx-conf-70571-12662.o /var/folders/h4/l7fj8x6d2594jdnrm5ty3xt40000gq/T//vpx-conf-70571-12662.c
check_cxxflags -Wimplicit-function-declaration
check_cxx -Werror -Wimplicit-function-declaration
BEGIN /var/folders/h4/l7fj8x6d2594jdnrm5ty3xt40000gq/T//vpx-conf-70571-12662.cc
     1	int x;
END /var/folders/h4/l7fj8x6d2594jdnrm5ty3xt40000gq/T//vpx-conf-70571-12662.cc
/Applications/Xcode.app/Contents/Developer/Toolchains/XcodeDefault.xctoolchain/usr/bin/clang++ -miphoneos-version-min=7.0 -isysroot /Applications/Xcode.app/Contents/Developer/Platforms/iPhoneOS.platform/Developer/SDKs/iPhoneOS17.0.sdk -arch armv7 -isysroot /Applications/Xcode.app/Contents/Developer/Platforms/iPhoneOS.platform/Developer/SDKs/iPhoneOS17.0.sdk -fembed-bitcode -DNDEBUG -O3 -fPIC -Wall -Wdisabled-optimization -Wextra-semi -Wextra-semi-stmt -Wfloat-conversion -Wformat=2 -Wparentheses-equality -Wpointer-arith -Wtype-limits -Wcast-qual -Wvla -Werror -Wimplicit-function-declaration -c -o /var/folders/h4/l7fj8x6d2594jdnrm5ty3xt40000gq/T//vpx-conf-70571-12662.o /var/folders/h4/l7fj8x6d2594jdnrm5ty3xt40000gq/T//vpx-conf-70571-12662.cc
check_cflags -Wimplicit-function-declaration
check_cc -Werror -Wimplicit-function-declaration
BEGIN /var/folders/h4/l7fj8x6d2594jdnrm5ty3xt40000gq/T//vpx-conf-70571-12662.c
     1	int x;
END /var/folders/h4/l7fj8x6d2594jdnrm5ty3xt40000gq/T//vpx-conf-70571-12662.c
/Applications/Xcode.app/Contents/Developer/Toolchains/XcodeDefault.xctoolchain/usr/bin/clang -miphoneos-version-min=7.0 -isysroot /Applications/Xcode.app/Contents/Developer/Platforms/iPhoneOS.platform/Developer/SDKs/iPhoneOS17.0.sdk -arch armv7 -isysroot /Applications/Xcode.app/Contents/Developer/Platforms/iPhoneOS.platform/Developer/SDKs/iPhoneOS17.0.sdk -fembed-bitcode -DNDEBUG -O3 -fPIC -Wall -Wdisabled-optimization -Wextra-semi -Wextra-semi-stmt -Wfloat-conversion -Wformat=2 -Wparentheses-equality -Wpointer-arith -Wtype-limits -Wcast-qual -Wvla -Werror -Wimplicit-function-declaration -c -o /var/folders/h4/l7fj8x6d2594jdnrm5ty3xt40000gq/T//vpx-conf-70571-12662.o /var/folders/h4/l7fj8x6d2594jdnrm5ty3xt40000gq/T//vpx-conf-70571-12662.c
check_cxxflags -Wmissing-declarations
check_cxx -Werror -Wmissing-declarations
BEGIN /var/folders/h4/l7fj8x6d2594jdnrm5ty3xt40000gq/T//vpx-conf-70571-12662.cc
     1	int x;
END /var/folders/h4/l7fj8x6d2594jdnrm5ty3xt40000gq/T//vpx-conf-70571-12662.cc
/Applications/Xcode.app/Contents/Developer/Toolchains/XcodeDefault.xctoolchain/usr/bin/clang++ -miphoneos-version-min=7.0 -isysroot /Applications/Xcode.app/Contents/Developer/Platforms/iPhoneOS.platform/Developer/SDKs/iPhoneOS17.0.sdk -arch armv7 -isysroot /Applications/Xcode.app/Contents/Developer/Platforms/iPhoneOS.platform/Developer/SDKs/iPhoneOS17.0.sdk -fembed-bitcode -DNDEBUG -O3 -fPIC -Wall -Wdisabled-optimization -Wextra-semi -Wextra-semi-stmt -Wfloat-conversion -Wformat=2 -Wparentheses-equality -Wpointer-arith -Wtype-limits -Wcast-qual -Wvla -Wimplicit-function-declaration -Werror -Wmissing-declarations -c -o /var/folders/h4/l7fj8x6d2594jdnrm5ty3xt40000gq/T//vpx-conf-70571-12662.o /var/folders/h4/l7fj8x6d2594jdnrm5ty3xt40000gq/T//vpx-conf-70571-12662.cc
check_cflags -Wmissing-declarations
check_cc -Werror -Wmissing-declarations
BEGIN /var/folders/h4/l7fj8x6d2594jdnrm5ty3xt40000gq/T//vpx-conf-70571-12662.c
     1	int x;
END /var/folders/h4/l7fj8x6d2594jdnrm5ty3xt40000gq/T//vpx-conf-70571-12662.c
/Applications/Xcode.app/Contents/Developer/Toolchains/XcodeDefault.xctoolchain/usr/bin/clang -miphoneos-version-min=7.0 -isysroot /Applications/Xcode.app/Contents/Developer/Platforms/iPhoneOS.platform/Developer/SDKs/iPhoneOS17.0.sdk -arch armv7 -isysroot /Applications/Xcode.app/Contents/Developer/Platforms/iPhoneOS.platform/Developer/SDKs/iPhoneOS17.0.sdk -fembed-bitcode -DNDEBUG -O3 -fPIC -Wall -Wdisabled-optimization -Wextra-semi -Wextra-semi-stmt -Wfloat-conversion -Wformat=2 -Wparentheses-equality -Wpointer-arith -Wtype-limits -Wcast-qual -Wvla -Wimplicit-function-declaration -Werror -Wmissing-declarations -c -o /var/folders/h4/l7fj8x6d2594jdnrm5ty3xt40000gq/T//vpx-conf-70571-12662.o /var/folders/h4/l7fj8x6d2594jdnrm5ty3xt40000gq/T//vpx-conf-70571-12662.c
check_cxxflags -Wmissing-prototypes
check_cxx -Werror -Wmissing-prototypes
BEGIN /var/folders/h4/l7fj8x6d2594jdnrm5ty3xt40000gq/T//vpx-conf-70571-12662.cc
     1	int x;
END /var/folders/h4/l7fj8x6d2594jdnrm5ty3xt40000gq/T//vpx-conf-70571-12662.cc
/Applications/Xcode.app/Contents/Developer/Toolchains/XcodeDefault.xctoolchain/usr/bin/clang++ -miphoneos-version-min=7.0 -isysroot /Applications/Xcode.app/Contents/Developer/Platforms/iPhoneOS.platform/Developer/SDKs/iPhoneOS17.0.sdk -arch armv7 -isysroot /Applications/Xcode.app/Contents/Developer/Platforms/iPhoneOS.platform/Developer/SDKs/iPhoneOS17.0.sdk -fembed-bitcode -DNDEBUG -O3 -fPIC -Wall -Wdisabled-optimization -Wextra-semi -Wextra-semi-stmt -Wfloat-conversion -Wformat=2 -Wparentheses-equality -Wpointer-arith -Wtype-limits -Wcast-qual -Wvla -Wimplicit-function-declaration -Wmissing-declarations -Werror -Wmissing-prototypes -c -o /var/folders/h4/l7fj8x6d2594jdnrm5ty3xt40000gq/T//vpx-conf-70571-12662.o /var/folders/h4/l7fj8x6d2594jdnrm5ty3xt40000gq/T//vpx-conf-70571-12662.cc
check_cflags -Wmissing-prototypes
check_cc -Werror -Wmissing-prototypes
BEGIN /var/folders/h4/l7fj8x6d2594jdnrm5ty3xt40000gq/T//vpx-conf-70571-12662.c
     1	int x;
END /var/folders/h4/l7fj8x6d2594jdnrm5ty3xt40000gq/T//vpx-conf-70571-12662.c
/Applications/Xcode.app/Contents/Developer/Toolchains/XcodeDefault.xctoolchain/usr/bin/clang -miphoneos-version-min=7.0 -isysroot /Applications/Xcode.app/Contents/Developer/Platforms/iPhoneOS.platform/Developer/SDKs/iPhoneOS17.0.sdk -arch armv7 -isysroot /Applications/Xcode.app/Contents/Developer/Platforms/iPhoneOS.platform/Developer/SDKs/iPhoneOS17.0.sdk -fembed-bitcode -DNDEBUG -O3 -fPIC -Wall -Wdisabled-optimization -Wextra-semi -Wextra-semi-stmt -Wfloat-conversion -Wformat=2 -Wparentheses-equality -Wpointer-arith -Wtype-limits -Wcast-qual -Wvla -Wimplicit-function-declaration -Wmissing-declarations -Werror -Wmissing-prototypes -c -o /var/folders/h4/l7fj8x6d2594jdnrm5ty3xt40000gq/T//vpx-conf-70571-12662.o /var/folders/h4/l7fj8x6d2594jdnrm5ty3xt40000gq/T//vpx-conf-70571-12662.c
check_cxxflags -Wshadow
check_cxx -Werror -Wshadow
BEGIN /var/folders/h4/l7fj8x6d2594jdnrm5ty3xt40000gq/T//vpx-conf-70571-12662.cc
     1	int x;
END /var/folders/h4/l7fj8x6d2594jdnrm5ty3xt40000gq/T//vpx-conf-70571-12662.cc
/Applications/Xcode.app/Contents/Developer/Toolchains/XcodeDefault.xctoolchain/usr/bin/clang++ -miphoneos-version-min=7.0 -isysroot /Applications/Xcode.app/Contents/Developer/Platforms/iPhoneOS.platform/Developer/SDKs/iPhoneOS17.0.sdk -arch armv7 -isysroot /Applications/Xcode.app/Contents/Developer/Platforms/iPhoneOS.platform/Developer/SDKs/iPhoneOS17.0.sdk -fembed-bitcode -DNDEBUG -O3 -fPIC -Wall -Wdisabled-optimization -Wextra-semi -Wextra-semi-stmt -Wfloat-conversion -Wformat=2 -Wparentheses-equality -Wpointer-arith -Wtype-limits -Wcast-qual -Wvla -Wimplicit-function-declaration -Wmissing-declarations -Wmissing-prototypes -Werror -Wshadow -c -o /var/folders/h4/l7fj8x6d2594jdnrm5ty3xt40000gq/T//vpx-conf-70571-12662.o /var/folders/h4/l7fj8x6d2594jdnrm5ty3xt40000gq/T//vpx-conf-70571-12662.cc
check_cflags -Wshadow
check_cc -Werror -Wshadow
BEGIN /var/folders/h4/l7fj8x6d2594jdnrm5ty3xt40000gq/T//vpx-conf-70571-12662.c
     1	int x;
END /var/folders/h4/l7fj8x6d2594jdnrm5ty3xt40000gq/T//vpx-conf-70571-12662.c
/Applications/Xcode.app/Contents/Developer/Toolchains/XcodeDefault.xctoolchain/usr/bin/clang -miphoneos-version-min=7.0 -isysroot /Applications/Xcode.app/Contents/Developer/Platforms/iPhoneOS.platform/Developer/SDKs/iPhoneOS17.0.sdk -arch armv7 -isysroot /Applications/Xcode.app/Contents/Developer/Platforms/iPhoneOS.platform/Developer/SDKs/iPhoneOS17.0.sdk -fembed-bitcode -DNDEBUG -O3 -fPIC -Wall -Wdisabled-optimization -Wextra-semi -Wextra-semi-stmt -Wfloat-conversion -Wformat=2 -Wparentheses-equality -Wpointer-arith -Wtype-limits -Wcast-qual -Wvla -Wimplicit-function-declaration -Wmissing-declarations -Wmissing-prototypes -Werror -Wshadow -c -o /var/folders/h4/l7fj8x6d2594jdnrm5ty3xt40000gq/T//vpx-conf-70571-12662.o /var/folders/h4/l7fj8x6d2594jdnrm5ty3xt40000gq/T//vpx-conf-70571-12662.c
check_cxxflags -Wuninitialized
check_cxx -Werror -Wuninitialized
BEGIN /var/folders/h4/l7fj8x6d2594jdnrm5ty3xt40000gq/T//vpx-conf-70571-12662.cc
     1	int x;
END /var/folders/h4/l7fj8x6d2594jdnrm5ty3xt40000gq/T//vpx-conf-70571-12662.cc
/Applications/Xcode.app/Contents/Developer/Toolchains/XcodeDefault.xctoolchain/usr/bin/clang++ -miphoneos-version-min=7.0 -isysroot /Applications/Xcode.app/Contents/Developer/Platforms/iPhoneOS.platform/Developer/SDKs/iPhoneOS17.0.sdk -arch armv7 -isysroot /Applications/Xcode.app/Contents/Developer/Platforms/iPhoneOS.platform/Developer/SDKs/iPhoneOS17.0.sdk -fembed-bitcode -DNDEBUG -O3 -fPIC -Wall -Wdisabled-optimization -Wextra-semi -Wextra-semi-stmt -Wfloat-conversion -Wformat=2 -Wparentheses-equality -Wpointer-arith -Wtype-limits -Wcast-qual -Wvla -Wimplicit-function-declaration -Wmissing-declarations -Wmissing-prototypes -Wshadow -Werror -Wuninitialized -c -o /var/folders/h4/l7fj8x6d2594jdnrm5ty3xt40000gq/T//vpx-conf-70571-12662.o /var/folders/h4/l7fj8x6d2594jdnrm5ty3xt40000gq/T//vpx-conf-70571-12662.cc
check_cflags -Wuninitialized
check_cc -Werror -Wuninitialized
BEGIN /var/folders/h4/l7fj8x6d2594jdnrm5ty3xt40000gq/T//vpx-conf-70571-12662.c
     1	int x;
END /var/folders/h4/l7fj8x6d2594jdnrm5ty3xt40000gq/T//vpx-conf-70571-12662.c
/Applications/Xcode.app/Contents/Developer/Toolchains/XcodeDefault.xctoolchain/usr/bin/clang -miphoneos-version-min=7.0 -isysroot /Applications/Xcode.app/Contents/Developer/Platforms/iPhoneOS.platform/Developer/SDKs/iPhoneOS17.0.sdk -arch armv7 -isysroot /Applications/Xcode.app/Contents/Developer/Platforms/iPhoneOS.platform/Developer/SDKs/iPhoneOS17.0.sdk -fembed-bitcode -DNDEBUG -O3 -fPIC -Wall -Wdisabled-optimization -Wextra-semi -Wextra-semi-stmt -Wfloat-conversion -Wformat=2 -Wparentheses-equality -Wpointer-arith -Wtype-limits -Wcast-qual -Wvla -Wimplicit-function-declaration -Wmissing-declarations -Wmissing-prototypes -Wshadow -Werror -Wuninitialized -c -o /var/folders/h4/l7fj8x6d2594jdnrm5ty3xt40000gq/T//vpx-conf-70571-12662.o /var/folders/h4/l7fj8x6d2594jdnrm5ty3xt40000gq/T//vpx-conf-70571-12662.c
check_cxxflags -Wunreachable-code-aggressive
check_cxx -Werror -Wunreachable-code-aggressive
BEGIN /var/folders/h4/l7fj8x6d2594jdnrm5ty3xt40000gq/T//vpx-conf-70571-12662.cc
     1	int x;
END /var/folders/h4/l7fj8x6d2594jdnrm5ty3xt40000gq/T//vpx-conf-70571-12662.cc
/Applications/Xcode.app/Contents/Developer/Toolchains/XcodeDefault.xctoolchain/usr/bin/clang++ -miphoneos-version-min=7.0 -isysroot /Applications/Xcode.app/Contents/Developer/Platforms/iPhoneOS.platform/Developer/SDKs/iPhoneOS17.0.sdk -arch armv7 -isysroot /Applications/Xcode.app/Contents/Developer/Platforms/iPhoneOS.platform/Developer/SDKs/iPhoneOS17.0.sdk -fembed-bitcode -DNDEBUG -O3 -fPIC -Wall -Wdisabled-optimization -Wextra-semi -Wextra-semi-stmt -Wfloat-conversion -Wformat=2 -Wparentheses-equality -Wpointer-arith -Wtype-limits -Wcast-qual -Wvla -Wimplicit-function-declaration -Wmissing-declarations -Wmissing-prototypes -Wshadow -Wuninitialized -Werror -Wunreachable-code-aggressive -c -o /var/folders/h4/l7fj8x6d2594jdnrm5ty3xt40000gq/T//vpx-conf-70571-12662.o /var/folders/h4/l7fj8x6d2594jdnrm5ty3xt40000gq/T//vpx-conf-70571-12662.cc
check_cflags -Wunreachable-code-aggressive
check_cc -Werror -Wunreachable-code-aggressive
BEGIN /var/folders/h4/l7fj8x6d2594jdnrm5ty3xt40000gq/T//vpx-conf-70571-12662.c
     1	int x;
END /var/folders/h4/l7fj8x6d2594jdnrm5ty3xt40000gq/T//vpx-conf-70571-12662.c
/Applications/Xcode.app/Contents/Developer/Toolchains/XcodeDefault.xctoolchain/usr/bin/clang -miphoneos-version-min=7.0 -isysroot /Applications/Xcode.app/Contents/Developer/Platforms/iPhoneOS.platform/Developer/SDKs/iPhoneOS17.0.sdk -arch armv7 -isysroot /Applications/Xcode.app/Contents/Developer/Platforms/iPhoneOS.platform/Developer/SDKs/iPhoneOS17.0.sdk -fembed-bitcode -DNDEBUG -O3 -fPIC -Wall -Wdisabled-optimization -Wextra-semi -Wextra-semi-stmt -Wfloat-conversion -Wformat=2 -Wparentheses-equality -Wpointer-arith -Wtype-limits -Wcast-qual -Wvla -Wimplicit-function-declaration -Wmissing-declarations -Wmissing-prototypes -Wshadow -Wuninitialized -Werror -Wunreachable-code-aggressive -c -o /var/folders/h4/l7fj8x6d2594jdnrm5ty3xt40000gq/T//vpx-conf-70571-12662.o /var/folders/h4/l7fj8x6d2594jdnrm5ty3xt40000gq/T//vpx-conf-70571-12662.c
check_cxxflags -Wunused
check_cxx -Werror -Wunused
BEGIN /var/folders/h4/l7fj8x6d2594jdnrm5ty3xt40000gq/T//vpx-conf-70571-12662.cc
     1	int x;
END /var/folders/h4/l7fj8x6d2594jdnrm5ty3xt40000gq/T//vpx-conf-70571-12662.cc
/Applications/Xcode.app/Contents/Developer/Toolchains/XcodeDefault.xctoolchain/usr/bin/clang++ -miphoneos-version-min=7.0 -isysroot /Applications/Xcode.app/Contents/Developer/Platforms/iPhoneOS.platform/Developer/SDKs/iPhoneOS17.0.sdk -arch armv7 -isysroot /Applications/Xcode.app/Contents/Developer/Platforms/iPhoneOS.platform/Developer/SDKs/iPhoneOS17.0.sdk -fembed-bitcode -DNDEBUG -O3 -fPIC -Wall -Wdisabled-optimization -Wextra-semi -Wextra-semi-stmt -Wfloat-conversion -Wformat=2 -Wparentheses-equality -Wpointer-arith -Wtype-limits -Wcast-qual -Wvla -Wimplicit-function-declaration -Wmissing-declarations -Wmissing-prototypes -Wshadow -Wuninitialized -Wunreachable-code-aggressive -Werror -Wunused -c -o /var/folders/h4/l7fj8x6d2594jdnrm5ty3xt40000gq/T//vpx-conf-70571-12662.o /var/folders/h4/l7fj8x6d2594jdnrm5ty3xt40000gq/T//vpx-conf-70571-12662.cc
check_cflags -Wunused
check_cc -Werror -Wunused
BEGIN /var/folders/h4/l7fj8x6d2594jdnrm5ty3xt40000gq/T//vpx-conf-70571-12662.c
     1	int x;
END /var/folders/h4/l7fj8x6d2594jdnrm5ty3xt40000gq/T//vpx-conf-70571-12662.c
/Applications/Xcode.app/Contents/Developer/Toolchains/XcodeDefault.xctoolchain/usr/bin/clang -miphoneos-version-min=7.0 -isysroot /Applications/Xcode.app/Contents/Developer/Platforms/iPhoneOS.platform/Developer/SDKs/iPhoneOS17.0.sdk -arch armv7 -isysroot /Applications/Xcode.app/Contents/Developer/Platforms/iPhoneOS.platform/Developer/SDKs/iPhoneOS17.0.sdk -fembed-bitcode -DNDEBUG -O3 -fPIC -Wall -Wdisabled-optimization -Wextra-semi -Wextra-semi-stmt -Wfloat-conversion -Wformat=2 -Wparentheses-equality -Wpointer-arith -Wtype-limits -Wcast-qual -Wvla -Wimplicit-function-declaration -Wmissing-declarations -Wmissing-prototypes -Wshadow -Wuninitialized -Wunreachable-code-aggressive -Werror -Wunused -c -o /var/folders/h4/l7fj8x6d2594jdnrm5ty3xt40000gq/T//vpx-conf-70571-12662.o /var/folders/h4/l7fj8x6d2594jdnrm5ty3xt40000gq/T//vpx-conf-70571-12662.c
check_cxxflags -Wextra
check_cxx -Werror -Wextra
BEGIN /var/folders/h4/l7fj8x6d2594jdnrm5ty3xt40000gq/T//vpx-conf-70571-12662.cc
     1	int x;
END /var/folders/h4/l7fj8x6d2594jdnrm5ty3xt40000gq/T//vpx-conf-70571-12662.cc
/Applications/Xcode.app/Contents/Developer/Toolchains/XcodeDefault.xctoolchain/usr/bin/clang++ -miphoneos-version-min=7.0 -isysroot /Applications/Xcode.app/Contents/Developer/Platforms/iPhoneOS.platform/Developer/SDKs/iPhoneOS17.0.sdk -arch armv7 -isysroot /Applications/Xcode.app/Contents/Developer/Platforms/iPhoneOS.platform/Developer/SDKs/iPhoneOS17.0.sdk -fembed-bitcode -DNDEBUG -O3 -fPIC -Wall -Wdisabled-optimization -Wextra-semi -Wextra-semi-stmt -Wfloat-conversion -Wformat=2 -Wparentheses-equality -Wpointer-arith -Wtype-limits -Wcast-qual -Wvla -Wimplicit-function-declaration -Wmissing-declarations -Wmissing-prototypes -Wshadow -Wuninitialized -Wunreachable-code-aggressive -Wunused -Werror -Wextra -c -o /var/folders/h4/l7fj8x6d2594jdnrm5ty3xt40000gq/T//vpx-conf-70571-12662.o /var/folders/h4/l7fj8x6d2594jdnrm5ty3xt40000gq/T//vpx-conf-70571-12662.cc
check_cflags -Wextra
check_cc -Werror -Wextra
BEGIN /var/folders/h4/l7fj8x6d2594jdnrm5ty3xt40000gq/T//vpx-conf-70571-12662.c
     1	int x;
END /var/folders/h4/l7fj8x6d2594jdnrm5ty3xt40000gq/T//vpx-conf-70571-12662.c
/Applications/Xcode.app/Contents/Developer/Toolchains/XcodeDefault.xctoolchain/usr/bin/clang -miphoneos-version-min=7.0 -isysroot /Applications/Xcode.app/Contents/Developer/Platforms/iPhoneOS.platform/Developer/SDKs/iPhoneOS17.0.sdk -arch armv7 -isysroot /Applications/Xcode.app/Contents/Developer/Platforms/iPhoneOS.platform/Developer/SDKs/iPhoneOS17.0.sdk -fembed-bitcode -DNDEBUG -O3 -fPIC -Wall -Wdisabled-optimization -Wextra-semi -Wextra-semi-stmt -Wfloat-conversion -Wformat=2 -Wparentheses-equality -Wpointer-arith -Wtype-limits -Wcast-qual -Wvla -Wimplicit-function-declaration -Wmissing-declarations -Wmissing-prototypes -Wshadow -Wuninitialized -Wunreachable-code-aggressive -Wunused -Werror -Wextra -c -o /var/folders/h4/l7fj8x6d2594jdnrm5ty3xt40000gq/T//vpx-conf-70571-12662.o /var/folders/h4/l7fj8x6d2594jdnrm5ty3xt40000gq/T//vpx-conf-70571-12662.c
check_cflags -Wundef
check_cc -Werror -Wundef
BEGIN /var/folders/h4/l7fj8x6d2594jdnrm5ty3xt40000gq/T//vpx-conf-70571-12662.c
     1	int x;
END /var/folders/h4/l7fj8x6d2594jdnrm5ty3xt40000gq/T//vpx-conf-70571-12662.c
/Applications/Xcode.app/Contents/Developer/Toolchains/XcodeDefault.xctoolchain/usr/bin/clang -miphoneos-version-min=7.0 -isysroot /Applications/Xcode.app/Contents/Developer/Platforms/iPhoneOS.platform/Developer/SDKs/iPhoneOS17.0.sdk -arch armv7 -isysroot /Applications/Xcode.app/Contents/Developer/Platforms/iPhoneOS.platform/Developer/SDKs/iPhoneOS17.0.sdk -fembed-bitcode -DNDEBUG -O3 -fPIC -Wall -Wdisabled-optimization -Wextra-semi -Wextra-semi-stmt -Wfloat-conversion -Wformat=2 -Wparentheses-equality -Wpointer-arith -Wtype-limits -Wcast-qual -Wvla -Wimplicit-function-declaration -Wmissing-declarations -Wmissing-prototypes -Wshadow -Wuninitialized -Wunreachable-code-aggressive -Wunused -Wextra -Werror -Wundef -c -o /var/folders/h4/l7fj8x6d2594jdnrm5ty3xt40000gq/T//vpx-conf-70571-12662.o /var/folders/h4/l7fj8x6d2594jdnrm5ty3xt40000gq/T//vpx-conf-70571-12662.c
check_cflags -Wframe-larger-than=52000
check_cc -Werror -Wframe-larger-than=52000
BEGIN /var/folders/h4/l7fj8x6d2594jdnrm5ty3xt40000gq/T//vpx-conf-70571-12662.c
     1	int x;
END /var/folders/h4/l7fj8x6d2594jdnrm5ty3xt40000gq/T//vpx-conf-70571-12662.c
/Applications/Xcode.app/Contents/Developer/Toolchains/XcodeDefault.xctoolchain/usr/bin/clang -miphoneos-version-min=7.0 -isysroot /Applications/Xcode.app/Contents/Developer/Platforms/iPhoneOS.platform/Developer/SDKs/iPhoneOS17.0.sdk -arch armv7 -isysroot /Applications/Xcode.app/Contents/Developer/Platforms/iPhoneOS.platform/Developer/SDKs/iPhoneOS17.0.sdk -fembed-bitcode -DNDEBUG -O3 -fPIC -Wall -Wdisabled-optimization -Wextra-semi -Wextra-semi-stmt -Wfloat-conversion -Wformat=2 -Wparentheses-equality -Wpointer-arith -Wtype-limits -Wcast-qual -Wvla -Wimplicit-function-declaration -Wmissing-declarations -Wmissing-prototypes -Wshadow -Wuninitialized -Wunreachable-code-aggressive -Wunused -Wextra -Wundef -Werror -Wframe-larger-than=52000 -c -o /var/folders/h4/l7fj8x6d2594jdnrm5ty3xt40000gq/T//vpx-conf-70571-12662.o /var/folders/h4/l7fj8x6d2594jdnrm5ty3xt40000gq/T//vpx-conf-70571-12662.c
check_cflags -std=gnu99
check_cc -Werror -std=gnu99
BEGIN /var/folders/h4/l7fj8x6d2594jdnrm5ty3xt40000gq/T//vpx-conf-70571-12662.c
     1	int x;
END /var/folders/h4/l7fj8x6d2594jdnrm5ty3xt40000gq/T//vpx-conf-70571-12662.c
/Applications/Xcode.app/Contents/Developer/Toolchains/XcodeDefault.xctoolchain/usr/bin/clang -miphoneos-version-min=7.0 -isysroot /Applications/Xcode.app/Contents/Developer/Platforms/iPhoneOS.platform/Developer/SDKs/iPhoneOS17.0.sdk -arch armv7 -isysroot /Applications/Xcode.app/Contents/Developer/Platforms/iPhoneOS.platform/Developer/SDKs/iPhoneOS17.0.sdk -fembed-bitcode -DNDEBUG -O3 -fPIC -Wall -Wdisabled-optimization -Wextra-semi -Wextra-semi-stmt -Wfloat-conversion -Wformat=2 -Wparentheses-equality -Wpointer-arith -Wtype-limits -Wcast-qual -Wvla -Wimplicit-function-declaration -Wmissing-declarations -Wmissing-prototypes -Wshadow -Wuninitialized -Wunreachable-code-aggressive -Wunused -Wextra -Wundef -Wframe-larger-than=52000 -Werror -std=gnu99 -c -o /var/folders/h4/l7fj8x6d2594jdnrm5ty3xt40000gq/T//vpx-conf-70571-12662.o /var/folders/h4/l7fj8x6d2594jdnrm5ty3xt40000gq/T//vpx-conf-70571-12662.c
check_cflags -Wshorten-64-to-32
check_cc -Werror -Wshorten-64-to-32
BEGIN /var/folders/h4/l7fj8x6d2594jdnrm5ty3xt40000gq/T//vpx-conf-70571-12662.c
     1	int x;
END /var/folders/h4/l7fj8x6d2594jdnrm5ty3xt40000gq/T//vpx-conf-70571-12662.c
/Applications/Xcode.app/Contents/Developer/Toolchains/XcodeDefault.xctoolchain/usr/bin/clang -miphoneos-version-min=7.0 -isysroot /Applications/Xcode.app/Contents/Developer/Platforms/iPhoneOS.platform/Developer/SDKs/iPhoneOS17.0.sdk -arch armv7 -isysroot /Applications/Xcode.app/Contents/Developer/Platforms/iPhoneOS.platform/Developer/SDKs/iPhoneOS17.0.sdk -fembed-bitcode -DNDEBUG -O3 -fPIC -Wall -Wdisabled-optimization -Wextra-semi -Wextra-semi-stmt -Wfloat-conversion -Wformat=2 -Wparentheses-equality -Wpointer-arith -Wtype-limits -Wcast-qual -Wvla -Wimplicit-function-declaration -Wmissing-declarations -Wmissing-prototypes -Wshadow -Wuninitialized -Wunreachable-code-aggressive -Wunused -Wextra -Wundef -Wframe-larger-than=52000 -std=gnu99 -Werror -Wshorten-64-to-32 -c -o /var/folders/h4/l7fj8x6d2594jdnrm5ty3xt40000gq/T//vpx-conf-70571-12662.o /var/folders/h4/l7fj8x6d2594jdnrm5ty3xt40000gq/T//vpx-conf-70571-12662.c
check_cxxflags -Wno-psabi
check_cxx -Werror -Wno-psabi
BEGIN /var/folders/h4/l7fj8x6d2594jdnrm5ty3xt40000gq/T//vpx-conf-70571-12662.cc
     1	int x;
END /var/folders/h4/l7fj8x6d2594jdnrm5ty3xt40000gq/T//vpx-conf-70571-12662.cc
/Applications/Xcode.app/Contents/Developer/Toolchains/XcodeDefault.xctoolchain/usr/bin/clang++ -miphoneos-version-min=7.0 -isysroot /Applications/Xcode.app/Contents/Developer/Platforms/iPhoneOS.platform/Developer/SDKs/iPhoneOS17.0.sdk -arch armv7 -isysroot /Applications/Xcode.app/Contents/Developer/Platforms/iPhoneOS.platform/Developer/SDKs/iPhoneOS17.0.sdk -fembed-bitcode -DNDEBUG -O3 -fPIC -Wall -Wdisabled-optimization -Wextra-semi -Wextra-semi-stmt -Wfloat-conversion -Wformat=2 -Wparentheses-equality -Wpointer-arith -Wtype-limits -Wcast-qual -Wvla -Wimplicit-function-declaration -Wmissing-declarations -Wmissing-prototypes -Wshadow -Wuninitialized -Wunreachable-code-aggressive -Wunused -Wextra -Werror -Wno-psabi -c -o /var/folders/h4/l7fj8x6d2594jdnrm5ty3xt40000gq/T//vpx-conf-70571-12662.o /var/folders/h4/l7fj8x6d2594jdnrm5ty3xt40000gq/T//vpx-conf-70571-12662.cc
check_cxxflags -Wc++14-extensions
check_cxx -Werror -Wc++14-extensions
BEGIN /var/folders/h4/l7fj8x6d2594jdnrm5ty3xt40000gq/T//vpx-conf-70571-12662.cc
     1	int x;
END /var/folders/h4/l7fj8x6d2594jdnrm5ty3xt40000gq/T//vpx-conf-70571-12662.cc
/Applications/Xcode.app/Contents/Developer/Toolchains/XcodeDefault.xctoolchain/usr/bin/clang++ -miphoneos-version-min=7.0 -isysroot /Applications/Xcode.app/Contents/Developer/Platforms/iPhoneOS.platform/Developer/SDKs/iPhoneOS17.0.sdk -arch armv7 -isysroot /Applications/Xcode.app/Contents/Developer/Platforms/iPhoneOS.platform/Developer/SDKs/iPhoneOS17.0.sdk -fembed-bitcode -DNDEBUG -O3 -fPIC -Wall -Wdisabled-optimization -Wextra-semi -Wextra-semi-stmt -Wfloat-conversion -Wformat=2 -Wparentheses-equality -Wpointer-arith -Wtype-limits -Wcast-qual -Wvla -Wimplicit-function-declaration -Wmissing-declarations -Wmissing-prototypes -Wshadow -Wuninitialized -Wunreachable-code-aggressive -Wunused -Wextra -Wno-psabi -Werror -Wc++14-extensions -c -o /var/folders/h4/l7fj8x6d2594jdnrm5ty3xt40000gq/T//vpx-conf-70571-12662.o /var/folders/h4/l7fj8x6d2594jdnrm5ty3xt40000gq/T//vpx-conf-70571-12662.cc
check_cxxflags -Wc++17-extensions
check_cxx -Werror -Wc++17-extensions
BEGIN /var/folders/h4/l7fj8x6d2594jdnrm5ty3xt40000gq/T//vpx-conf-70571-12662.cc
     1	int x;
END /var/folders/h4/l7fj8x6d2594jdnrm5ty3xt40000gq/T//vpx-conf-70571-12662.cc
/Applications/Xcode.app/Contents/Developer/Toolchains/XcodeDefault.xctoolchain/usr/bin/clang++ -miphoneos-version-min=7.0 -isysroot /Applications/Xcode.app/Contents/Developer/Platforms/iPhoneOS.platform/Developer/SDKs/iPhoneOS17.0.sdk -arch armv7 -isysroot /Applications/Xcode.app/Contents/Developer/Platforms/iPhoneOS.platform/Developer/SDKs/iPhoneOS17.0.sdk -fembed-bitcode -DNDEBUG -O3 -fPIC -Wall -Wdisabled-optimization -Wextra-semi -Wextra-semi-stmt -Wfloat-conversion -Wformat=2 -Wparentheses-equality -Wpointer-arith -Wtype-limits -Wcast-qual -Wvla -Wimplicit-function-declaration -Wmissing-declarations -Wmissing-prototypes -Wshadow -Wuninitialized -Wunreachable-code-aggressive -Wunused -Wextra -Wno-psabi -Wc++14-extensions -Werror -Wc++17-extensions -c -o /var/folders/h4/l7fj8x6d2594jdnrm5ty3xt40000gq/T//vpx-conf-70571-12662.o /var/folders/h4/l7fj8x6d2594jdnrm5ty3xt40000gq/T//vpx-conf-70571-12662.cc
check_cxxflags -Wc++20-extensions
check_cxx -Werror -Wc++20-extensions
BEGIN /var/folders/h4/l7fj8x6d2594jdnrm5ty3xt40000gq/T//vpx-conf-70571-12662.cc
     1	int x;
END /var/folders/h4/l7fj8x6d2594jdnrm5ty3xt40000gq/T//vpx-conf-70571-12662.cc
/Applications/Xcode.app/Contents/Developer/Toolchains/XcodeDefault.xctoolchain/usr/bin/clang++ -miphoneos-version-min=7.0 -isysroot /Applications/Xcode.app/Contents/Developer/Platforms/iPhoneOS.platform/Developer/SDKs/iPhoneOS17.0.sdk -arch armv7 -isysroot /Applications/Xcode.app/Contents/Developer/Platforms/iPhoneOS.platform/Developer/SDKs/iPhoneOS17.0.sdk -fembed-bitcode -DNDEBUG -O3 -fPIC -Wall -Wdisabled-optimization -Wextra-semi -Wextra-semi-stmt -Wfloat-conversion -Wformat=2 -Wparentheses-equality -Wpointer-arith -Wtype-limits -Wcast-qual -Wvla -Wimplicit-function-declaration -Wmissing-declarations -Wmissing-prototypes -Wshadow -Wuninitialized -Wunreachable-code-aggressive -Wunused -Wextra -Wno-psabi -Wc++14-extensions -Wc++17-extensions -Werror -Wc++20-extensions -c -o /var/folders/h4/l7fj8x6d2594jdnrm5ty3xt40000gq/T//vpx-conf-70571-12662.o /var/folders/h4/l7fj8x6d2594jdnrm5ty3xt40000gq/T//vpx-conf-70571-12662.cc
check_cxxflags -Wnon-virtual-dtor
check_cxx -Werror -Wnon-virtual-dtor
BEGIN /var/folders/h4/l7fj8x6d2594jdnrm5ty3xt40000gq/T//vpx-conf-70571-12662.cc
     1	int x;
END /var/folders/h4/l7fj8x6d2594jdnrm5ty3xt40000gq/T//vpx-conf-70571-12662.cc
/Applications/Xcode.app/Contents/Developer/Toolchains/XcodeDefault.xctoolchain/usr/bin/clang++ -miphoneos-version-min=7.0 -isysroot /Applications/Xcode.app/Contents/Developer/Platforms/iPhoneOS.platform/Developer/SDKs/iPhoneOS17.0.sdk -arch armv7 -isysroot /Applications/Xcode.app/Contents/Developer/Platforms/iPhoneOS.platform/Developer/SDKs/iPhoneOS17.0.sdk -fembed-bitcode -DNDEBUG -O3 -fPIC -Wall -Wdisabled-optimization -Wextra-semi -Wextra-semi-stmt -Wfloat-conversion -Wformat=2 -Wparentheses-equality -Wpointer-arith -Wtype-limits -Wcast-qual -Wvla -Wimplicit-function-declaration -Wmissing-declarations -Wmissing-prototypes -Wshadow -Wuninitialized -Wunreachable-code-aggressive -Wunused -Wextra -Wno-psabi -Wc++14-extensions -Wc++17-extensions -Wc++20-extensions -Werror -Wnon-virtual-dtor -c -o /var/folders/h4/l7fj8x6d2594jdnrm5ty3xt40000gq/T//vpx-conf-70571-12662.o /var/folders/h4/l7fj8x6d2594jdnrm5ty3xt40000gq/T//vpx-conf-70571-12662.cc
check_cxxflags -Wno-missing-declarations
check_cxx -Werror -Wno-missing-declarations
BEGIN /var/folders/h4/l7fj8x6d2594jdnrm5ty3xt40000gq/T//vpx-conf-70571-12662.cc
     1	int x;
END /var/folders/h4/l7fj8x6d2594jdnrm5ty3xt40000gq/T//vpx-conf-70571-12662.cc
/Applications/Xcode.app/Contents/Developer/Toolchains/XcodeDefault.xctoolchain/usr/bin/clang++ -miphoneos-version-min=7.0 -isysroot /Applications/Xcode.app/Contents/Developer/Platforms/iPhoneOS.platform/Developer/SDKs/iPhoneOS17.0.sdk -arch armv7 -isysroot /Applications/Xcode.app/Contents/Developer/Platforms/iPhoneOS.platform/Developer/SDKs/iPhoneOS17.0.sdk -fembed-bitcode -DNDEBUG -O3 -fPIC -Wall -Wdisabled-optimization -Wextra-semi -Wextra-semi-stmt -Wfloat-conversion -Wformat=2 -Wparentheses-equality -Wpointer-arith -Wtype-limits -Wcast-qual -Wvla -Wimplicit-function-declaration -Wmissing-declarations -Wmissing-prototypes -Wshadow -Wuninitialized -Wunreachable-code-aggressive -Wunused -Wextra -Wno-psabi -Wc++14-extensions -Wc++17-extensions -Wc++20-extensions -Wnon-virtual-dtor -Werror -Wno-missing-declarations -c -o /var/folders/h4/l7fj8x6d2594jdnrm5ty3xt40000gq/T//vpx-conf-70571-12662.o /var/folders/h4/l7fj8x6d2594jdnrm5ty3xt40000gq/T//vpx-conf-70571-12662.cc
check_cxxflags -Wno-missing-prototypes
check_cxx -Werror -Wno-missing-prototypes
BEGIN /var/folders/h4/l7fj8x6d2594jdnrm5ty3xt40000gq/T//vpx-conf-70571-12662.cc
     1	int x;
END /var/folders/h4/l7fj8x6d2594jdnrm5ty3xt40000gq/T//vpx-conf-70571-12662.cc
/Applications/Xcode.app/Contents/Developer/Toolchains/XcodeDefault.xctoolchain/usr/bin/clang++ -miphoneos-version-min=7.0 -isysroot /Applications/Xcode.app/Contents/Developer/Platforms/iPhoneOS.platform/Developer/SDKs/iPhoneOS17.0.sdk -arch armv7 -isysroot /Applications/Xcode.app/Contents/Developer/Platforms/iPhoneOS.platform/Developer/SDKs/iPhoneOS17.0.sdk -fembed-bitcode -DNDEBUG -O3 -fPIC -Wall -Wdisabled-optimization -Wextra-semi -Wextra-semi-stmt -Wfloat-conversion -Wformat=2 -Wparentheses-equality -Wpointer-arith -Wtype-limits -Wcast-qual -Wvla -Wimplicit-function-declaration -Wmissing-declarations -Wmissing-prototypes -Wshadow -Wuninitialized -Wunreachable-code-aggressive -Wunused -Wextra -Wno-psabi -Wc++14-extensions -Wc++17-extensions -Wc++20-extensions -Wnon-virtual-dtor -Werror -Wno-missing-prototypes -c -o /var/folders/h4/l7fj8x6d2594jdnrm5ty3xt40000gq/T//vpx-conf-70571-12662.o /var/folders/h4/l7fj8x6d2594jdnrm5ty3xt40000gq/T//vpx-conf-70571-12662.cc
check_cxxflags -Wno-pass-failed
check_cxx -Werror -Wno-pass-failed
BEGIN /var/folders/h4/l7fj8x6d2594jdnrm5ty3xt40000gq/T//vpx-conf-70571-12662.cc
     1	int x;
END /var/folders/h4/l7fj8x6d2594jdnrm5ty3xt40000gq/T//vpx-conf-70571-12662.cc
/Applications/Xcode.app/Contents/Developer/Toolchains/XcodeDefault.xctoolchain/usr/bin/clang++ -miphoneos-version-min=7.0 -isysroot /Applications/Xcode.app/Contents/Developer/Platforms/iPhoneOS.platform/Developer/SDKs/iPhoneOS17.0.sdk -arch armv7 -isysroot /Applications/Xcode.app/Contents/Developer/Platforms/iPhoneOS.platform/Developer/SDKs/iPhoneOS17.0.sdk -fembed-bitcode -DNDEBUG -O3 -fPIC -Wall -Wdisabled-optimization -Wextra-semi -Wextra-semi-stmt -Wfloat-conversion -Wformat=2 -Wparentheses-equality -Wpointer-arith -Wtype-limits -Wcast-qual -Wvla -Wimplicit-function-declaration -Wmissing-declarations -Wmissing-prototypes -Wshadow -Wuninitialized -Wunreachable-code-aggressive -Wunused -Wextra -Wno-psabi -Wc++14-extensions -Wc++17-extensions -Wc++20-extensions -Wnon-virtual-dtor -Werror -Wno-pass-failed -c -o /var/folders/h4/l7fj8x6d2594jdnrm5ty3xt40000gq/T//vpx-conf-70571-12662.o /var/folders/h4/l7fj8x6d2594jdnrm5ty3xt40000gq/T//vpx-conf-70571-12662.cc
check_cxxflags -Wno-shadow
check_cxx -Werror -Wno-shadow
BEGIN /var/folders/h4/l7fj8x6d2594jdnrm5ty3xt40000gq/T//vpx-conf-70571-12662.cc
     1	int x;
END /var/folders/h4/l7fj8x6d2594jdnrm5ty3xt40000gq/T//vpx-conf-70571-12662.cc
/Applications/Xcode.app/Contents/Developer/Toolchains/XcodeDefault.xctoolchain/usr/bin/clang++ -miphoneos-version-min=7.0 -isysroot /Applications/Xcode.app/Contents/Developer/Platforms/iPhoneOS.platform/Developer/SDKs/iPhoneOS17.0.sdk -arch armv7 -isysroot /Applications/Xcode.app/Contents/Developer/Platforms/iPhoneOS.platform/Developer/SDKs/iPhoneOS17.0.sdk -fembed-bitcode -DNDEBUG -O3 -fPIC -Wall -Wdisabled-optimization -Wextra-semi -Wextra-semi-stmt -Wfloat-conversion -Wformat=2 -Wparentheses-equality -Wpointer-arith -Wtype-limits -Wcast-qual -Wvla -Wimplicit-function-declaration -Wmissing-declarations -Wmissing-prototypes -Wshadow -Wuninitialized -Wunreachable-code-aggressive -Wunused -Wextra -Wno-psabi -Wc++14-extensions -Wc++17-extensions -Wc++20-extensions -Wnon-virtual-dtor -Werror -Wno-shadow -c -o /var/folders/h4/l7fj8x6d2594jdnrm5ty3xt40000gq/T//vpx-conf-70571-12662.o /var/folders/h4/l7fj8x6d2594jdnrm5ty3xt40000gq/T//vpx-conf-70571-12662.cc
check_cxxflags -Wno-unused-parameter
check_cxx -Werror -Wno-unused-parameter
BEGIN /var/folders/h4/l7fj8x6d2594jdnrm5ty3xt40000gq/T//vpx-conf-70571-12662.cc
     1	int x;
END /var/folders/h4/l7fj8x6d2594jdnrm5ty3xt40000gq/T//vpx-conf-70571-12662.cc
/Applications/Xcode.app/Contents/Developer/Toolchains/XcodeDefault.xctoolchain/usr/bin/clang++ -miphoneos-version-min=7.0 -isysroot /Applications/Xcode.app/Contents/Developer/Platforms/iPhoneOS.platform/Developer/SDKs/iPhoneOS17.0.sdk -arch armv7 -isysroot /Applications/Xcode.app/Contents/Developer/Platforms/iPhoneOS.platform/Developer/SDKs/iPhoneOS17.0.sdk -fembed-bitcode -DNDEBUG -O3 -fPIC -Wall -Wdisabled-optimization -Wextra-semi -Wextra-semi-stmt -Wfloat-conversion -Wformat=2 -Wparentheses-equality -Wpointer-arith -Wtype-limits -Wcast-qual -Wvla -Wimplicit-function-declaration -Wmissing-declarations -Wmissing-prototypes -Wshadow -Wuninitialized -Wunreachable-code-aggressive -Wunused -Wextra -Wno-psabi -Wc++14-extensions -Wc++17-extensions -Wc++20-extensions -Wnon-virtual-dtor -Werror -Wno-unused-parameter -c -o /var/folders/h4/l7fj8x6d2594jdnrm5ty3xt40000gq/T//vpx-conf-70571-12662.o /var/folders/h4/l7fj8x6d2594jdnrm5ty3xt40000gq/T//vpx-conf-70571-12662.cc
check_cxxflags -std=gnu++11
check_cxx -Werror -std=gnu++11
BEGIN /var/folders/h4/l7fj8x6d2594jdnrm5ty3xt40000gq/T//vpx-conf-70571-12662.cc
     1	int x;
END /var/folders/h4/l7fj8x6d2594jdnrm5ty3xt40000gq/T//vpx-conf-70571-12662.cc
/Applications/Xcode.app/Contents/Developer/Toolchains/XcodeDefault.xctoolchain/usr/bin/clang++ -miphoneos-version-min=7.0 -isysroot /Applications/Xcode.app/Contents/Developer/Platforms/iPhoneOS.platform/Developer/SDKs/iPhoneOS17.0.sdk -arch armv7 -isysroot /Applications/Xcode.app/Contents/Developer/Platforms/iPhoneOS.platform/Developer/SDKs/iPhoneOS17.0.sdk -fembed-bitcode -DNDEBUG -O3 -fPIC -Wall -Wdisabled-optimization -Wextra-semi -Wextra-semi-stmt -Wfloat-conversion -Wformat=2 -Wparentheses-equality -Wpointer-arith -Wtype-limits -Wcast-qual -Wvla -Wimplicit-function-declaration -Wmissing-declarations -Wmissing-prototypes -Wshadow -Wuninitialized -Wunreachable-code-aggressive -Wunused -Wextra -Wno-psabi -Wc++14-extensions -Wc++17-extensions -Wc++20-extensions -Wnon-virtual-dtor -Werror -std=gnu++11 -c -o /var/folders/h4/l7fj8x6d2594jdnrm5ty3xt40000gq/T//vpx-conf-70571-12662.o /var/folders/h4/l7fj8x6d2594jdnrm5ty3xt40000gq/T//vpx-conf-70571-12662.cc
check_header stdio.h
check_cpp
BEGIN /var/folders/h4/l7fj8x6d2594jdnrm5ty3xt40000gq/T//vpx-conf-70571-12662.c
     1	#include "stdio.h"
     2	int x;
END /var/folders/h4/l7fj8x6d2594jdnrm5ty3xt40000gq/T//vpx-conf-70571-12662.c
/Applications/Xcode.app/Contents/Developer/Toolchains/XcodeDefault.xctoolchain/usr/bin/clang -miphoneos-version-min=7.0 -isysroot /Applications/Xcode.app/Contents/Developer/Platforms/iPhoneOS.platform/Developer/SDKs/iPhoneOS17.0.sdk -arch armv7 -isysroot /Applications/Xcode.app/Contents/Developer/Platforms/iPhoneOS.platform/Developer/SDKs/iPhoneOS17.0.sdk -fembed-bitcode -DNDEBUG -O3 -fPIC -Wall -Wdisabled-optimization -Wextra-semi -Wextra-semi-stmt -Wfloat-conversion -Wformat=2 -Wparentheses-equality -Wpointer-arith -Wtype-limits -Wcast-qual -Wvla -Wimplicit-function-declaration -Wmissing-declarations -Wmissing-prototypes -Wshadow -Wuninitialized -Wunreachable-code-aggressive -Wunused -Wextra -Wundef -Wframe-larger-than=52000 -std=gnu99 -Wshorten-64-to-32 -E -o /var/folders/h4/l7fj8x6d2594jdnrm5ty3xt40000gq/T//vpx-conf-70571-12662.o /var/folders/h4/l7fj8x6d2594jdnrm5ty3xt40000gq/T//vpx-conf-70571-12662.c
check_ld
check_cc
BEGIN /var/folders/h4/l7fj8x6d2594jdnrm5ty3xt40000gq/T//vpx-conf-70571-12662.c
     1	int main(void) {return 0;}
END /var/folders/h4/l7fj8x6d2594jdnrm5ty3xt40000gq/T//vpx-conf-70571-12662.c
/Applications/Xcode.app/Contents/Developer/Toolchains/XcodeDefault.xctoolchain/usr/bin/clang -miphoneos-version-min=7.0 -isysroot /Applications/Xcode.app/Contents/Developer/Platforms/iPhoneOS.platform/Developer/SDKs/iPhoneOS17.0.sdk -arch armv7 -isysroot /Applications/Xcode.app/Contents/Developer/Platforms/iPhoneOS.platform/Developer/SDKs/iPhoneOS17.0.sdk -fembed-bitcode -DNDEBUG -O3 -fPIC -Wall -Wdisabled-optimization -Wextra-semi -Wextra-semi-stmt -Wfloat-conversion -Wformat=2 -Wparentheses-equality -Wpointer-arith -Wtype-limits -Wcast-qual -Wvla -Wimplicit-function-declaration -Wmissing-declarations -Wmissing-prototypes -Wshadow -Wuninitialized -Wunreachable-code-aggressive -Wunused -Wextra -Wundef -Wframe-larger-than=52000 -std=gnu99 -Wshorten-64-to-32 -c -o /var/folders/h4/l7fj8x6d2594jdnrm5ty3xt40000gq/T//vpx-conf-70571-12662.o /var/folders/h4/l7fj8x6d2594jdnrm5ty3xt40000gq/T//vpx-conf-70571-12662.c
/Applications/Xcode.app/Contents/Developer/Toolchains/XcodeDefault.xctoolchain/usr/bin/clang++ -isysroot /Applications/Xcode.app/Contents/Developer/Platforms/iPhoneOS.platform/Developer/SDKs/iPhoneOS17.0.sdk -arch armv7 -miphoneos-version-min=7.0 -L/Applications/Xcode.app/Contents/Developer/Platforms/iPhoneOS.platform/Developer/SDKs/iPhoneOS17.0.sdk/usr/lib -fembed-bitcode -o /var/folders/h4/l7fj8x6d2594jdnrm5ty3xt40000gq/T//vpx-conf-70571-12662.x /var/folders/h4/l7fj8x6d2594jdnrm5ty3xt40000gq/T//vpx-conf-70571-12662.o -lpthread
check_header pthread.h
check_cpp
BEGIN /var/folders/h4/l7fj8x6d2594jdnrm5ty3xt40000gq/T//vpx-conf-70571-12662.c
     1	#include "pthread.h"
     2	int x;
END /var/folders/h4/l7fj8x6d2594jdnrm5ty3xt40000gq/T//vpx-conf-70571-12662.c
/Applications/Xcode.app/Contents/Developer/Toolchains/XcodeDefault.xctoolchain/usr/bin/clang -miphoneos-version-min=7.0 -isysroot /Applications/Xcode.app/Contents/Developer/Platforms/iPhoneOS.platform/Developer/SDKs/iPhoneOS17.0.sdk -arch armv7 -isysroot /Applications/Xcode.app/Contents/Developer/Platforms/iPhoneOS.platform/Developer/SDKs/iPhoneOS17.0.sdk -fembed-bitcode -DNDEBUG -O3 -fPIC -Wall -Wdisabled-optimization -Wextra-semi -Wextra-semi-stmt -Wfloat-conversion -Wformat=2 -Wparentheses-equality -Wpointer-arith -Wtype-limits -Wcast-qual -Wvla -Wimplicit-function-declaration -Wmissing-declarations -Wmissing-prototypes -Wshadow -Wuninitialized -Wunreachable-code-aggressive -Wunused -Wextra -Wundef -Wframe-larger-than=52000 -std=gnu99 -Wshorten-64-to-32 -E -o /var/folders/h4/l7fj8x6d2594jdnrm5ty3xt40000gq/T//vpx-conf-70571-12662.o /var/folders/h4/l7fj8x6d2594jdnrm5ty3xt40000gq/T//vpx-conf-70571-12662.c
check_lib -lpthread
check_cc -lpthread
BEGIN /var/folders/h4/l7fj8x6d2594jdnrm5ty3xt40000gq/T//vpx-conf-70571-12662.c
     1	#include <pthread.h>
     2	#include <stddef.h>
     3	int main(void) { return pthread_create(NULL, NULL, NULL, NULL); }
END /var/folders/h4/l7fj8x6d2594jdnrm5ty3xt40000gq/T//vpx-conf-70571-12662.c
/Applications/Xcode.app/Contents/Developer/Toolchains/XcodeDefault.xctoolchain/usr/bin/clang -miphoneos-version-min=7.0 -isysroot /Applications/Xcode.app/Contents/Developer/Platforms/iPhoneOS.platform/Developer/SDKs/iPhoneOS17.0.sdk -arch armv7 -isysroot /Applications/Xcode.app/Contents/Developer/Platforms/iPhoneOS.platform/Developer/SDKs/iPhoneOS17.0.sdk -fembed-bitcode -DNDEBUG -O3 -fPIC -Wall -Wdisabled-optimization -Wextra-semi -Wextra-semi-stmt -Wfloat-conversion -Wformat=2 -Wparentheses-equality -Wpointer-arith -Wtype-limits -Wcast-qual -Wvla -Wimplicit-function-declaration -Wmissing-declarations -Wmissing-prototypes -Wshadow -Wuninitialized -Wunreachable-code-aggressive -Wunused -Wextra -Wundef -Wframe-larger-than=52000 -std=gnu99 -Wshorten-64-to-32 -lpthread -c -o /var/folders/h4/l7fj8x6d2594jdnrm5ty3xt40000gq/T//vpx-conf-70571-12662.o /var/folders/h4/l7fj8x6d2594jdnrm5ty3xt40000gq/T//vpx-conf-70571-12662.c
clang: warning: -lpthread: 'linker' input unused [-Wunused-command-line-argument]
/var/folders/h4/l7fj8x6d2594jdnrm5ty3xt40000gq/T//vpx-conf-70571-12662.c:3:62: warning: null passed to a callee that requires a non-null argument [-Wnonnull]
int main(void) { return pthread_create(NULL, NULL, NULL, NULL); }
                                       ~~~~                  ^
/var/folders/h4/l7fj8x6d2594jdnrm5ty3xt40000gq/T//vpx-conf-70571-12662.c:3:62: warning: null passed to a callee that requires a non-null argument [-Wnonnull]
int main(void) { return pthread_create(NULL, NULL, NULL, NULL); }
                                                   ~~~~      ^
2 warnings generated.
/Applications/Xcode.app/Contents/Developer/Toolchains/XcodeDefault.xctoolchain/usr/bin/clang++ -isysroot /Applications/Xcode.app/Contents/Developer/Platforms/iPhoneOS.platform/Developer/SDKs/iPhoneOS17.0.sdk -arch armv7 -miphoneos-version-min=7.0 -L/Applications/Xcode.app/Contents/Developer/Platforms/iPhoneOS.platform/Developer/SDKs/iPhoneOS17.0.sdk/usr/lib -fembed-bitcode -o /var/folders/h4/l7fj8x6d2594jdnrm5ty3xt40000gq/T//vpx-conf-70571-12662.x /var/folders/h4/l7fj8x6d2594jdnrm5ty3xt40000gq/T//vpx-conf-70571-12662.o -lpthread -lpthread
check_header unistd.h
check_cpp
BEGIN /var/folders/h4/l7fj8x6d2594jdnrm5ty3xt40000gq/T//vpx-conf-70571-12662.c
     1	#include "unistd.h"
     2	int x;
END /var/folders/h4/l7fj8x6d2594jdnrm5ty3xt40000gq/T//vpx-conf-70571-12662.c
/Applications/Xcode.app/Contents/Developer/Toolchains/XcodeDefault.xctoolchain/usr/bin/clang -miphoneos-version-min=7.0 -isysroot /Applications/Xcode.app/Contents/Developer/Platforms/iPhoneOS.platform/Developer/SDKs/iPhoneOS17.0.sdk -arch armv7 -isysroot /Applications/Xcode.app/Contents/Developer/Platforms/iPhoneOS.platform/Developer/SDKs/iPhoneOS17.0.sdk -fembed-bitcode -DNDEBUG -O3 -fPIC -Wall -Wdisabled-optimization -Wextra-semi -Wextra-semi-stmt -Wfloat-conversion -Wformat=2 -Wparentheses-equality -Wpointer-arith -Wtype-limits -Wcast-qual -Wvla -Wimplicit-function-declaration -Wmissing-declarations -Wmissing-prototypes -Wshadow -Wuninitialized -Wunreachable-code-aggressive -Wunused -Wextra -Wundef -Wframe-larger-than=52000 -std=gnu99 -Wshorten-64-to-32 -E -o /var/folders/h4/l7fj8x6d2594jdnrm5ty3xt40000gq/T//vpx-conf-70571-12662.o /var/folders/h4/l7fj8x6d2594jdnrm5ty3xt40000gq/T//vpx-conf-70571-12662.c
check_header vpx/vpx_integer.h -I../../..
check_cpp -I../../..
BEGIN /var/folders/h4/l7fj8x6d2594jdnrm5ty3xt40000gq/T//vpx-conf-70571-12662.c
     1	#include "vpx/vpx_integer.h"
     2	int x;
END /var/folders/h4/l7fj8x6d2594jdnrm5ty3xt40000gq/T//vpx-conf-70571-12662.c
/Applications/Xcode.app/Contents/Developer/Toolchains/XcodeDefault.xctoolchain/usr/bin/clang -miphoneos-version-min=7.0 -isysroot /Applications/Xcode.app/Contents/Developer/Platforms/iPhoneOS.platform/Developer/SDKs/iPhoneOS17.0.sdk -arch armv7 -isysroot /Applications/Xcode.app/Contents/Developer/Platforms/iPhoneOS.platform/Developer/SDKs/iPhoneOS17.0.sdk -fembed-bitcode -DNDEBUG -O3 -fPIC -Wall -Wdisabled-optimization -Wextra-semi -Wextra-semi-stmt -Wfloat-conversion -Wformat=2 -Wparentheses-equality -Wpointer-arith -Wtype-limits -Wcast-qual -Wvla -Wimplicit-function-declaration -Wmissing-declarations -Wmissing-prototypes -Wshadow -Wuninitialized -Wunreachable-code-aggressive -Wunused -Wextra -Wundef -Wframe-larger-than=52000 -std=gnu99 -Wshorten-64-to-32 -I../../.. -E -o /var/folders/h4/l7fj8x6d2594jdnrm5ty3xt40000gq/T//vpx-conf-70571-12662.o /var/folders/h4/l7fj8x6d2594jdnrm5ty3xt40000gq/T//vpx-conf-70571-12662.c
check_header arm_neon.h
check_cpp
BEGIN /var/folders/h4/l7fj8x6d2594jdnrm5ty3xt40000gq/T//vpx-conf-70571-12662.c
     1	#include "arm_neon.h"
     2	int x;
END /var/folders/h4/l7fj8x6d2594jdnrm5ty3xt40000gq/T//vpx-conf-70571-12662.c
/Applications/Xcode.app/Contents/Developer/Toolchains/XcodeDefault.xctoolchain/usr/bin/clang -miphoneos-version-min=7.0 -isysroot /Applications/Xcode.app/Contents/Developer/Platforms/iPhoneOS.platform/Developer/SDKs/iPhoneOS17.0.sdk -arch armv7 -isysroot /Applications/Xcode.app/Contents/Developer/Platforms/iPhoneOS.platform/Developer/SDKs/iPhoneOS17.0.sdk -fembed-bitcode -DNDEBUG -O3 -fPIC -Wall -Wdisabled-optimization -Wextra-semi -Wextra-semi-stmt -Wfloat-conversion -Wformat=2 -Wparentheses-equality -Wpointer-arith -Wtype-limits -Wcast-qual -Wvla -Wimplicit-function-declaration -Wmissing-declarations -Wmissing-prototypes -Wshadow -Wuninitialized -Wunreachable-code-aggressive -Wunused -Wextra -Wundef -Wframe-larger-than=52000 -std=gnu99 -Wshorten-64-to-32 -E -o /var/folders/h4/l7fj8x6d2594jdnrm5ty3xt40000gq/T//vpx-conf-70571-12662.o /var/folders/h4/l7fj8x6d2594jdnrm5ty3xt40000gq/T//vpx-conf-70571-12662.c
